{"timestamp":"2026-04-09T00:33:20.582814","level":"info","event":"DAG bundles loaded: dags-folder","logger":"airflow.dag_processing.bundles.manager.DagBundlesManager"}
{"timestamp":"2026-04-09T00:33:20.583271","level":"info","event":"Filling up the DagBag from /opt/airflow/dags/train_pipeline.py","logger":"airflow.models.dagbag.DagBag"}
{"timestamp":"2026-04-09T00:33:22.793443","level":"info","event":"Device: cuda | half-precision: False","logger":"root"}
{"timestamp":"2026-04-09T00:33:22.794202","level":"info","event":"Loading dataset from Hugging Face (this may take 2-5 min)...","logger":"root"}
{"timestamp":"2026-04-09T00:33:45.750754Z","level":"error","event":"Found cached dataset seml-industry-ver (/home/airflow/.cache/huggingface/datasets/Punnarunwuwu___seml-industry-ver/default/0.0.0/16ed90f0f5170dc73bc2c94eca44c692f0b46fcd)","chan":"stderr","logger":"task"}
{"timestamp":"2026-04-09T00:33:45.749745","level":"info","event":"Found cached dataset seml-industry-ver (/home/airflow/.cache/huggingface/datasets/Punnarunwuwu___seml-industry-ver/default/0.0.0/16ed90f0f5170dc73bc2c94eca44c692f0b46fcd)","logger":"datasets.builder"}
{"timestamp":"2026-04-09T00:33:45.771851","level":"info","event":"Dataset loaded. Separating splits...","logger":"root"}
{"timestamp":"2026-04-09T00:33:45.771961","level":"info","event":"Train_v1 size: 10800 | Train_v2 size: 10800 | Test size: 1200","logger":"root"}
{"timestamp":"2026-04-09T00:33:45.783006","level":"info","event":"Loading ResNet34 backbone...","logger":"root"}
{"timestamp":"2026-04-09T00:33:47.245350","level":"warning","event":"Applied workaround for CuDNN issue, install nvrtc.so (Triggered internally at ../aten/src/ATen/native/cudnn/Conv_v8.cpp:84.)","category":"UserWarning","filename":"/home/airflow/.local/lib/python3.10/site-packages/torch/nn/modules/conv.py","lineno":456,"logger":"py.warnings"}
{"timestamp":"2026-04-09T00:33:47.980916","level":"info","event":"[TRAIN_V1/ResNet34] batch 1/22","logger":"root"}
{"timestamp":"2026-04-09T00:34:17.474931","level":"info","event":"[TRAIN_V1/ResNet34] batch 21/22","logger":"root"}
{"timestamp":"2026-04-09T00:34:18.350327","level":"info","event":"[TRAIN_V1/ResNet34] batch 22/22","logger":"root"}
{"timestamp":"2026-04-09T00:34:18.437379","level":"info","event":"Saved TRAIN_V1/ResNet34 features → /opt/airflow/data/X_train_v1_resnet.npy","logger":"root"}
{"timestamp":"2026-04-09T00:34:19.755020","level":"info","event":"[TRAIN_V2/ResNet34] batch 1/22","logger":"root"}
{"timestamp":"2026-04-09T00:34:49.962485","level":"info","event":"[TRAIN_V2/ResNet34] batch 21/22","logger":"root"}
{"timestamp":"2026-04-09T00:34:50.870766","level":"info","event":"[TRAIN_V2/ResNet34] batch 22/22","logger":"root"}
{"timestamp":"2026-04-09T00:34:50.962739","level":"info","event":"Saved TRAIN_V2/ResNet34 features → /opt/airflow/data/X_train_v2_resnet.npy","logger":"root"}
{"timestamp":"2026-04-09T00:34:52.288594","level":"info","event":"[TEST/ResNet34] batch 1/3","logger":"root"}
{"timestamp":"2026-04-09T00:34:54.872550","level":"info","event":"[TEST/ResNet34] batch 3/3","logger":"root"}
{"timestamp":"2026-04-09T00:34:55.187359","level":"info","event":"Saved TEST/ResNet34 features → /opt/airflow/data/X_test_resnet.npy","logger":"root"}
{"timestamp":"2026-04-09T00:34:55.376742","level":"info","event":"Saving labels...","logger":"root"}
{"timestamp":"2026-04-09T00:35:25.783640","level":"info","event":"Loading EfficientNetV2-S backbone...","logger":"root"}
{"timestamp":"2026-04-09T00:35:27.431753","level":"info","event":"[TRAIN_V1/EffNetV2-S] batch 1/22","logger":"root"}
{"timestamp":"2026-04-09T00:36:17.478404","level":"info","event":"[TRAIN_V1/EffNetV2-S] batch 21/22","logger":"root"}
{"timestamp":"2026-04-09T00:36:19.572927","level":"info","event":"[TRAIN_V1/EffNetV2-S] batch 22/22","logger":"root"}
{"timestamp":"2026-04-09T00:36:19.782290","level":"info","event":"Saved TRAIN_V1/EffNetV2-S features → /opt/airflow/data/X_train_v1_effnet.npy","logger":"root"}
{"timestamp":"2026-04-09T00:36:21.136722","level":"info","event":"[TRAIN_V2/EffNetV2-S] batch 1/22","logger":"root"}
{"timestamp":"2026-04-09T00:37:13.715232","level":"info","event":"[TRAIN_V2/EffNetV2-S] batch 21/22","logger":"root"}
{"timestamp":"2026-04-09T00:37:15.734008","level":"info","event":"[TRAIN_V2/EffNetV2-S] batch 22/22","logger":"root"}
{"timestamp":"2026-04-09T00:37:15.944586","level":"info","event":"Saved TRAIN_V2/EffNetV2-S features → /opt/airflow/data/X_train_v2_effnet.npy","logger":"root"}
{"timestamp":"2026-04-09T00:37:17.322754","level":"info","event":"[TEST/EffNetV2-S] batch 1/3","logger":"root"}
{"timestamp":"2026-04-09T00:37:22.043638","level":"info","event":"[TEST/EffNetV2-S] batch 3/3","logger":"root"}
{"timestamp":"2026-04-09T00:37:22.785847","level":"info","event":"Saved TEST/EffNetV2-S features → /opt/airflow/data/X_test_effnet.npy","logger":"root"}
{"timestamp":"2026-04-09T00:37:23.019445","level":"info","event":"All features saved to /opt/airflow/data","logger":"root"}
{"timestamp":"2026-04-09T00:37:23.019833","level":"info","event":"Done. Returned value was: None","logger":"airflow.task.operators.airflow.providers.standard.operators.python.PythonOperator"}
