[2026-03-31T21:01:53.253+0000] {taskinstance.py:1956} INFO - Dependencies all met for dep_context=non-requeueable deps ti=<TaskInstance: efficientnet_training_pipeline.extract_features_efficientnet manual__2026-03-31T21:00:29.532973+00:00 [queued]>
[2026-03-31T21:01:53.257+0000] {taskinstance.py:1956} INFO - Dependencies all met for dep_context=requeueable deps ti=<TaskInstance: efficientnet_training_pipeline.extract_features_efficientnet manual__2026-03-31T21:00:29.532973+00:00 [queued]>
[2026-03-31T21:01:53.257+0000] {taskinstance.py:2170} INFO - Starting attempt 2 of 2
[2026-03-31T21:01:53.264+0000] {taskinstance.py:2191} INFO - Executing <Task(PythonOperator): extract_features_efficientnet> on 2026-03-31 21:00:29.532973+00:00
[2026-03-31T21:01:53.271+0000] {standard_task_runner.py:60} INFO - Started process 344 to run task
[2026-03-31T21:01:53.273+0000] {standard_task_runner.py:87} INFO - Running: ['***', 'tasks', 'run', 'efficientnet_training_pipeline', 'extract_features_efficientnet', 'manual__2026-03-31T21:00:29.532973+00:00', '--job-id', '11', '--raw', '--subdir', 'DAGS_FOLDER/train_pipeline.py', '--cfg-path', '/tmp/tmpgktyv5ia']
[2026-03-31T21:01:53.274+0000] {standard_task_runner.py:88} INFO - Job 11: Subtask extract_features_efficientnet
[2026-03-31T21:01:53.303+0000] {task_command.py:423} INFO - Running <TaskInstance: efficientnet_training_pipeline.extract_features_efficientnet manual__2026-03-31T21:00:29.532973+00:00 [running]> on host 13fc902e0b91
[2026-03-31T21:01:53.348+0000] {taskinstance.py:2480} INFO - Exporting env vars: AIRFLOW_CTX_DAG_OWNER='ml_engineer' AIRFLOW_CTX_DAG_ID='efficientnet_training_pipeline' AIRFLOW_CTX_TASK_ID='extract_features_efficientnet' AIRFLOW_CTX_EXECUTION_DATE='2026-03-31T21:00:29.532973+00:00' AIRFLOW_CTX_TRY_NUMBER='2' AIRFLOW_CTX_DAG_RUN_ID='manual__2026-03-31T21:00:29.532973+00:00'
[2026-03-31T21:01:55.660+0000] {train_pipeline.py:24} INFO - Using device: cuda
[2026-03-31T21:01:55.660+0000] {train_pipeline.py:26} INFO - Loading dataset from Hugging Face...
[2026-03-31T21:01:55.660+0000] {logging_mixin.py:188} WARNING - `trust_remote_code` is not supported anymore.
Please check that the Hugging Face dataset 'Punnarunwuwu/industry-verification-seml' isn't based on a loading script and remove `trust_remote_code`.
If the dataset is based on a loading script, please ask the dataset author to remove it and convert it to a standard format like Parquet.
[2026-03-31T21:01:55.660+0000] {load.py:1663} ERROR - `trust_remote_code` is not supported anymore.
Please check that the Hugging Face dataset 'Punnarunwuwu/industry-verification-seml' isn't based on a loading script and remove `trust_remote_code`.
If the dataset is based on a loading script, please ask the dataset author to remove it and convert it to a standard format like Parquet.
[2026-03-31T21:01:59.217+0000] {train_pipeline.py:55} INFO - Loading EfficientNetV2-S backbone...
[2026-03-31T21:01:59.533+0000] {logging_mixin.py:188} WARNING - /home/***/.local/lib/python3.10/site-packages/torch/cuda/__init__.py:235 UserWarning:
NVIDIA GeForce RTX 5060 with CUDA capability sm_120 is not compatible with the current PyTorch installation.
The current PyTorch install supports CUDA capabilities sm_50 sm_60 sm_70 sm_75 sm_80 sm_86 sm_90.
If you want to use the NVIDIA GeForce RTX 5060 GPU with PyTorch, please check the instructions at https://pytorch.org/get-started/locally/
[2026-03-31T21:01:59.703+0000] {train_pipeline.py:75} INFO - Running Feature Extraction for TRAIN...
[2026-03-31T21:01:59.851+0000] {taskinstance.py:2698} ERROR - Task failed with exception
Traceback (most recent call last):
  File "/home/airflow/.local/lib/python3.10/site-packages/airflow/models/taskinstance.py", line 433, in _execute_task
    result = execute_callable(context=context, **execute_callable_kwargs)
  File "/home/airflow/.local/lib/python3.10/site-packages/airflow/operators/python.py", line 199, in execute
    return_value = self.execute_callable()
  File "/home/airflow/.local/lib/python3.10/site-packages/airflow/operators/python.py", line 216, in execute_callable
    return self.python_callable(*self.op_args, **self.op_kwargs)
  File "/opt/airflow/dags/train_pipeline.py", line 76, in extract_features_task
    X_train, y_train = extract_features(train_loader, "TRAIN")
  File "/home/airflow/.local/lib/python3.10/site-packages/torch/utils/_contextlib.py", line 116, in decorate_context
    return func(*args, **kwargs)
  File "/opt/airflow/dags/train_pipeline.py", line 70, in extract_features
    output = backbone(x)
  File "/home/airflow/.local/lib/python3.10/site-packages/torch/nn/modules/module.py", line 1736, in _wrapped_call_impl
    return self._call_impl(*args, **kwargs)
  File "/home/airflow/.local/lib/python3.10/site-packages/torch/nn/modules/module.py", line 1747, in _call_impl
    return forward_call(*args, **kwargs)
  File "/home/airflow/.local/lib/python3.10/site-packages/torchvision/models/efficientnet.py", line 343, in forward
    return self._forward_impl(x)
  File "/home/airflow/.local/lib/python3.10/site-packages/torchvision/models/efficientnet.py", line 333, in _forward_impl
    x = self.features(x)
  File "/home/airflow/.local/lib/python3.10/site-packages/torch/nn/modules/module.py", line 1736, in _wrapped_call_impl
    return self._call_impl(*args, **kwargs)
  File "/home/airflow/.local/lib/python3.10/site-packages/torch/nn/modules/module.py", line 1747, in _call_impl
    return forward_call(*args, **kwargs)
  File "/home/airflow/.local/lib/python3.10/site-packages/torch/nn/modules/container.py", line 250, in forward
    input = module(input)
  File "/home/airflow/.local/lib/python3.10/site-packages/torch/nn/modules/module.py", line 1736, in _wrapped_call_impl
    return self._call_impl(*args, **kwargs)
  File "/home/airflow/.local/lib/python3.10/site-packages/torch/nn/modules/module.py", line 1747, in _call_impl
    return forward_call(*args, **kwargs)
  File "/home/airflow/.local/lib/python3.10/site-packages/torch/nn/modules/container.py", line 250, in forward
    input = module(input)
  File "/home/airflow/.local/lib/python3.10/site-packages/torch/nn/modules/module.py", line 1736, in _wrapped_call_impl
    return self._call_impl(*args, **kwargs)
  File "/home/airflow/.local/lib/python3.10/site-packages/torch/nn/modules/module.py", line 1747, in _call_impl
    return forward_call(*args, **kwargs)
  File "/home/airflow/.local/lib/python3.10/site-packages/torch/nn/modules/activation.py", line 432, in forward
    return F.silu(input, inplace=self.inplace)
  File "/home/airflow/.local/lib/python3.10/site-packages/torch/nn/functional.py", line 2379, in silu
    return torch._C._nn.silu_(input)
RuntimeError: CUDA error: no kernel image is available for execution on the device
CUDA kernel errors might be asynchronously reported at some other API call, so the stacktrace below might be incorrect.
For debugging consider passing CUDA_LAUNCH_BLOCKING=1
Compile with `TORCH_USE_CUDA_DSA` to enable device-side assertions.

[2026-03-31T21:01:59.858+0000] {taskinstance.py:1138} INFO - Marking task as FAILED. dag_id=efficientnet_training_pipeline, task_id=extract_features_efficientnet, execution_date=20260331T210029, start_date=20260331T210153, end_date=20260331T210159
[2026-03-31T21:01:59.866+0000] {standard_task_runner.py:107} ERROR - Failed to execute job 11 for task extract_features_efficientnet (CUDA error: no kernel image is available for execution on the device
CUDA kernel errors might be asynchronously reported at some other API call, so the stacktrace below might be incorrect.
For debugging consider passing CUDA_LAUNCH_BLOCKING=1
Compile with `TORCH_USE_CUDA_DSA` to enable device-side assertions.
; 344)
[2026-03-31T21:02:00.005+0000] {local_task_job_runner.py:234} INFO - Task exited with return code 1
[2026-03-31T21:02:00.018+0000] {taskinstance.py:3280} INFO - 0 downstream tasks scheduled from follow-on schedule check
