{"timestamp":"2026-04-08T23:38:57.000364","level":"info","event":"DAG bundles loaded: dags-folder","logger":"airflow.dag_processing.bundles.manager.DagBundlesManager"}
{"timestamp":"2026-04-08T23:38:57.000888","level":"info","event":"Filling up the DagBag from /opt/airflow/dags/train_pipeline.py","logger":"airflow.models.dagbag.DagBag"}
{"timestamp":"2026-04-08T23:38:59.580585","level":"info","event":"Device: cuda | half-precision: False","logger":"root"}
{"timestamp":"2026-04-08T23:38:59.580939","level":"info","event":"Loading dataset from Hugging Face (this may take 2-5 min)...","logger":"root"}
{"timestamp":"2026-04-08T23:39:03.038884Z","level":"error","event":"Generating dataset seml-industry-ver (/home/airflow/.cache/huggingface/datasets/Punnarunwuwu___seml-industry-ver/default/0.0.0/16ed90f0f5170dc73bc2c94eca44c692f0b46fcd)","chan":"stderr","logger":"task"}
{"timestamp":"2026-04-08T23:39:03.046679Z","level":"error","event":"Downloading and preparing dataset seml-industry-ver/default to /home/airflow/.cache/huggingface/datasets/Punnarunwuwu___seml-industry-ver/default/0.0.0/16ed90f0f5170dc73bc2c94eca44c692f0b46fcd...","chan":"stderr","logger":"task"}
{"timestamp":"2026-04-08T23:39:03.038857","level":"info","event":"Generating dataset seml-industry-ver (/home/airflow/.cache/huggingface/datasets/Punnarunwuwu___seml-industry-ver/default/0.0.0/16ed90f0f5170dc73bc2c94eca44c692f0b46fcd)","logger":"datasets.builder"}
{"timestamp":"2026-04-08T23:39:03.038978","level":"info","event":"Downloading and preparing dataset seml-industry-ver/default to /home/airflow/.cache/huggingface/datasets/Punnarunwuwu___seml-industry-ver/default/0.0.0/16ed90f0f5170dc73bc2c94eca44c692f0b46fcd...","logger":"datasets.builder"}
{"timestamp":"2026-04-08T23:39:14.944669Z","level":"error","event":"Downloading took 0.0 min","chan":"stderr","logger":"task"}
{"timestamp":"2026-04-08T23:39:14.944632","level":"info","event":"Downloading took 0.0 min","logger":"datasets.download.download_manager"}
{"timestamp":"2026-04-08T23:39:14.945215Z","level":"error","event":"Checksum Computation took 0.0 min","chan":"stderr","logger":"task"}
{"timestamp":"2026-04-08T23:39:14.945401Z","level":"error","event":"Generating test split","chan":"stderr","logger":"task"}
{"timestamp":"2026-04-08T23:39:14.945197","level":"info","event":"Checksum Computation took 0.0 min","logger":"datasets.download.download_manager"}
{"timestamp":"2026-04-08T23:39:14.945351","level":"info","event":"Generating test split","logger":"datasets.builder"}
{"timestamp":"2026-04-08T23:39:14.971809Z","level":"error","event":"\rGenerating test split:   0%|          | 0/1200 [00:00<?, ? examples/s]\rGenerating test split: 100%|██████████| 1200/1200 [00:00<00:00, 46025.08 examples/s]","chan":"stderr","logger":"task"}
{"timestamp":"2026-04-08T23:39:14.971981Z","level":"error","event":"Generating train_v1 split","chan":"stderr","logger":"task"}
{"timestamp":"2026-04-08T23:39:14.971930","level":"info","event":"Generating train_v1 split","logger":"datasets.builder"}
{"timestamp":"2026-04-08T23:39:15.116810Z","level":"error","event":"\rGenerating train_v1 split:   0%|          | 0/10800 [00:00<?, ? examples/s]\rGenerating train_v1 split:  67%|██████▋   | 7200/10800 [00:00<00:00, 62438.21 examples/s]\rGenerating train_v1 split: 100%|██████████| 10800/10800 [00:00<00:00, 74739.24 examples/s]","chan":"stderr","logger":"task"}
{"timestamp":"2026-04-08T23:39:15.116992Z","level":"error","event":"Generating train_v2 split","chan":"stderr","logger":"task"}
{"timestamp":"2026-04-08T23:39:15.116945","level":"info","event":"Generating train_v2 split","logger":"datasets.builder"}
{"timestamp":"2026-04-08T23:39:15.235216Z","level":"error","event":"\rGenerating train_v2 split:   0%|          | 0/10800 [00:00<?, ? examples/s]\rGenerating train_v2 split: 100%|██████████| 10800/10800 [00:00<00:00, 91721.66 examples/s]\rGenerating train_v2 split: 100%|██████████| 10800/10800 [00:00<00:00, 91528.54 examples/s]","chan":"stderr","logger":"task"}
{"timestamp":"2026-04-08T23:39:15.235380Z","level":"error","event":"All the splits matched successfully.","chan":"stderr","logger":"task"}
{"timestamp":"2026-04-08T23:39:15.235395","level":"info","event":"All the splits matched successfully.","logger":"datasets.utils.info_utils"}
{"timestamp":"2026-04-08T23:39:15.236100Z","level":"error","event":"Dataset seml-industry-ver downloaded and prepared to /home/airflow/.cache/huggingface/datasets/Punnarunwuwu___seml-industry-ver/default/0.0.0/16ed90f0f5170dc73bc2c94eca44c692f0b46fcd. Subsequent calls will reuse this data.","chan":"stderr","logger":"task"}
{"timestamp":"2026-04-08T23:39:15.236106","level":"info","event":"Dataset seml-industry-ver downloaded and prepared to /home/airflow/.cache/huggingface/datasets/Punnarunwuwu___seml-industry-ver/default/0.0.0/16ed90f0f5170dc73bc2c94eca44c692f0b46fcd. Subsequent calls will reuse this data.","logger":"datasets.builder"}
{"timestamp":"2026-04-08T23:39:15.245083","level":"info","event":"Dataset loaded. Concatenating splits...","logger":"root"}
{"timestamp":"2026-04-08T23:39:15.247737","level":"info","event":"Train size: 21600 | Test size: 1200","logger":"root"}
{"timestamp":"2026-04-08T23:39:15.251030","level":"info","event":"Loading ResNet34 backbone...","logger":"root"}
{"timestamp":"2026-04-08T23:39:15.425296Z","level":"error","event":"Downloading: \"https://download.pytorch.org/models/resnet34-b627a593.pth\" to /home/airflow/.cache/torch/hub/checkpoints/resnet34-b627a593.pth","chan":"stderr","logger":"task"}
{"timestamp":"2026-04-08T23:39:16.745803Z","level":"error","event":"\r  0%|          | 0.00/83.3M [00:00<?, ?B/s]\r  4%|▍         | 3.62M/83.3M [00:00<00:02, 35.3MB/s]\r 13%|█▎        | 10.8M/83.3M [00:00<00:01, 57.1MB/s]\r 21%|██        | 17.2M/83.3M [00:00<00:01, 61.2MB/s]\r 29%|██▉       | 24.4M/83.3M [00:00<00:00, 66.4MB/s]\r 38%|███▊      | 31.2M/83.3M [00:00<00:00, 67.6MB/s]\r 46%|████▋     | 38.6M/83.3M [00:00<00:00, 70.3MB/s]\r 54%|█████▍    | 45.4M/83.3M [00:00<00:00, 69.8MB/s]\r 63%|██████▎   | 52.5M/83.3M [00:00<00:00, 70.8MB/s]\r 71%|███████▏  | 59.4M/83.3M [00:00<00:00, 70.5MB/s]\r 79%|███████▉  | 66.1M/83.3M [00:01<00:00, 70.2MB/s]\r 88%|████████▊ | 72.9M/83.3M [00:01<00:00, 69.2MB/s]\r 96%|█████████▌| 80.1M/83.3M [00:01<00:00, 70.6MB/s]\r100%|██████████| 83.3M/83.3M [00:01<00:00, 68.0MB/s]","chan":"stderr","logger":"task"}
{"timestamp":"2026-04-08T23:39:16.985748","level":"warning","event":"Applied workaround for CuDNN issue, install nvrtc.so (Triggered internally at ../aten/src/ATen/native/cudnn/Conv_v8.cpp:84.)","category":"UserWarning","filename":"/home/airflow/.local/lib/python3.10/site-packages/torch/nn/modules/conv.py","lineno":456,"logger":"py.warnings"}
{"timestamp":"2026-04-08T23:39:17.040334","level":"info","event":"[TRAIN/ResNet34] batch 1/675","logger":"root"}
{"timestamp":"2026-04-08T23:39:18.863931","level":"info","event":"[TRAIN/ResNet34] batch 21/675","logger":"root"}
{"timestamp":"2026-04-08T23:39:20.665963","level":"info","event":"[TRAIN/ResNet34] batch 41/675","logger":"root"}
{"timestamp":"2026-04-08T23:39:22.477228","level":"info","event":"[TRAIN/ResNet34] batch 61/675","logger":"root"}
{"timestamp":"2026-04-08T23:39:24.284838","level":"info","event":"[TRAIN/ResNet34] batch 81/675","logger":"root"}
{"timestamp":"2026-04-08T23:39:26.097185","level":"info","event":"[TRAIN/ResNet34] batch 101/675","logger":"root"}
{"timestamp":"2026-04-08T23:39:27.911560","level":"info","event":"[TRAIN/ResNet34] batch 121/675","logger":"root"}
{"timestamp":"2026-04-08T23:39:29.718234","level":"info","event":"[TRAIN/ResNet34] batch 141/675","logger":"root"}
{"timestamp":"2026-04-08T23:39:31.527332","level":"info","event":"[TRAIN/ResNet34] batch 161/675","logger":"root"}
{"timestamp":"2026-04-08T23:39:33.416353","level":"info","event":"[TRAIN/ResNet34] batch 181/675","logger":"root"}
{"timestamp":"2026-04-08T23:39:35.263597","level":"info","event":"[TRAIN/ResNet34] batch 201/675","logger":"root"}
{"timestamp":"2026-04-08T23:39:37.207929","level":"info","event":"[TRAIN/ResNet34] batch 221/675","logger":"root"}
{"timestamp":"2026-04-08T23:39:39.154843","level":"info","event":"[TRAIN/ResNet34] batch 241/675","logger":"root"}
{"timestamp":"2026-04-08T23:39:41.119134","level":"info","event":"[TRAIN/ResNet34] batch 261/675","logger":"root"}
{"timestamp":"2026-04-08T23:39:43.154646","level":"info","event":"[TRAIN/ResNet34] batch 281/675","logger":"root"}
{"timestamp":"2026-04-08T23:39:45.117855","level":"info","event":"[TRAIN/ResNet34] batch 301/675","logger":"root"}
{"timestamp":"2026-04-08T23:39:47.082565","level":"info","event":"[TRAIN/ResNet34] batch 321/675","logger":"root"}
{"timestamp":"2026-04-08T23:39:49.022281","level":"info","event":"[TRAIN/ResNet34] batch 341/675","logger":"root"}
{"timestamp":"2026-04-08T23:39:50.953515","level":"info","event":"[TRAIN/ResNet34] batch 361/675","logger":"root"}
{"timestamp":"2026-04-08T23:39:52.878883","level":"info","event":"[TRAIN/ResNet34] batch 381/675","logger":"root"}
{"timestamp":"2026-04-08T23:39:54.835625","level":"info","event":"[TRAIN/ResNet34] batch 401/675","logger":"root"}
{"timestamp":"2026-04-08T23:39:56.768355","level":"info","event":"[TRAIN/ResNet34] batch 421/675","logger":"root"}
{"timestamp":"2026-04-08T23:39:58.703492","level":"info","event":"[TRAIN/ResNet34] batch 441/675","logger":"root"}
{"timestamp":"2026-04-08T23:40:00.622225","level":"info","event":"[TRAIN/ResNet34] batch 461/675","logger":"root"}
{"timestamp":"2026-04-08T23:40:02.587915","level":"info","event":"[TRAIN/ResNet34] batch 481/675","logger":"root"}
{"timestamp":"2026-04-08T23:40:04.519798","level":"info","event":"[TRAIN/ResNet34] batch 501/675","logger":"root"}
{"timestamp":"2026-04-08T23:40:06.478063","level":"info","event":"[TRAIN/ResNet34] batch 521/675","logger":"root"}
{"timestamp":"2026-04-08T23:40:08.413030","level":"info","event":"[TRAIN/ResNet34] batch 541/675","logger":"root"}
{"timestamp":"2026-04-08T23:40:10.345567","level":"info","event":"[TRAIN/ResNet34] batch 561/675","logger":"root"}
{"timestamp":"2026-04-08T23:40:12.288364","level":"info","event":"[TRAIN/ResNet34] batch 581/675","logger":"root"}
{"timestamp":"2026-04-08T23:40:14.270062","level":"info","event":"[TRAIN/ResNet34] batch 601/675","logger":"root"}
{"timestamp":"2026-04-08T23:40:16.227616","level":"info","event":"[TRAIN/ResNet34] batch 621/675","logger":"root"}
{"timestamp":"2026-04-08T23:40:18.156368","level":"info","event":"[TRAIN/ResNet34] batch 641/675","logger":"root"}
{"timestamp":"2026-04-08T23:40:20.068542","level":"info","event":"[TRAIN/ResNet34] batch 661/675","logger":"root"}
{"timestamp":"2026-04-08T23:40:21.463120","level":"info","event":"[TRAIN/ResNet34] batch 675/675","logger":"root"}
{"timestamp":"2026-04-08T23:40:21.525364","level":"info","event":"Saved TRAIN/ResNet34 features → /opt/airflow/data/X_train_resnet.npy","logger":"root"}
{"timestamp":"2026-04-08T23:40:21.600895","level":"info","event":"[TEST/ResNet34] batch 1/38","logger":"root"}
{"timestamp":"2026-04-08T23:40:23.570010","level":"info","event":"[TEST/ResNet34] batch 21/38","logger":"root"}
{"timestamp":"2026-04-08T23:40:25.221397","level":"info","event":"[TEST/ResNet34] batch 38/38","logger":"root"}
{"timestamp":"2026-04-08T23:40:25.255348","level":"info","event":"Saved TEST/ResNet34 features → /opt/airflow/data/X_test_resnet.npy","logger":"root"}
{"timestamp":"2026-04-08T23:40:25.442601","level":"info","event":"Saving labels...","logger":"root"}
{"timestamp":"2026-04-08T23:40:53.861835","level":"info","event":"Loading EfficientNetV2-S backbone...","logger":"root"}
{"timestamp":"2026-04-08T23:40:54.030626Z","level":"error","event":"Downloading: \"https://download.pytorch.org/models/efficientnet_v2_s-dd5fe13b.pth\" to /home/airflow/.cache/torch/hub/checkpoints/efficientnet_v2_s-dd5fe13b.pth","chan":"stderr","logger":"task"}
{"timestamp":"2026-04-08T23:40:55.619864Z","level":"error","event":"\r  0%|          | 0.00/82.7M [00:00<?, ?B/s]\r  3%|▎         | 2.62M/82.7M [00:00<00:03, 26.7MB/s]\r 10%|▉         | 8.00M/82.7M [00:00<00:01, 43.6MB/s]\r 17%|█▋        | 14.4M/82.7M [00:00<00:01, 53.5MB/s]\r 25%|██▍       | 20.6M/82.7M [00:00<00:01, 57.5MB/s]\r 32%|███▏      | 26.5M/82.7M [00:00<00:01, 58.4MB/s]\r 40%|███▉      | 32.9M/82.7M [00:00<00:00, 61.1MB/s]\r 47%|████▋     | 39.0M/82.7M [00:00<00:00, 61.5MB/s]\r 55%|█████▍    | 45.4M/82.7M [00:00<00:00, 63.0MB/s]\r 62%|██████▏   | 51.6M/82.7M [00:00<00:00, 63.7MB/s]\r 70%|██████▉   | 57.9M/82.7M [00:01<00:00, 63.7MB/s]\r 78%|███████▊  | 64.5M/82.7M [00:01<00:00, 65.0MB/s]\r 87%|████████▋ | 71.6M/82.7M [00:01<00:00, 67.6MB/s]\r 95%|█████████▍| 78.4M/82.7M [00:01<00:00, 68.1MB/s]\r100%|██████████| 82.7M/82.7M [00:01<00:00, 62.1MB/s]","chan":"stderr","logger":"task"}
{"timestamp":"2026-04-08T23:40:55.862716","level":"info","event":"[TRAIN/EffNetV2-S] batch 1/675","logger":"root"}
{"timestamp":"2026-04-08T23:40:58.950634","level":"info","event":"[TRAIN/EffNetV2-S] batch 21/675","logger":"root"}
{"timestamp":"2026-04-08T23:41:02.097341","level":"info","event":"[TRAIN/EffNetV2-S] batch 41/675","logger":"root"}
{"timestamp":"2026-04-08T23:41:05.316136","level":"info","event":"[TRAIN/EffNetV2-S] batch 61/675","logger":"root"}
{"timestamp":"2026-04-08T23:41:08.513043","level":"info","event":"[TRAIN/EffNetV2-S] batch 81/675","logger":"root"}
{"timestamp":"2026-04-08T23:41:11.693183","level":"info","event":"[TRAIN/EffNetV2-S] batch 101/675","logger":"root"}
{"timestamp":"2026-04-08T23:41:14.885206","level":"info","event":"[TRAIN/EffNetV2-S] batch 121/675","logger":"root"}
{"timestamp":"2026-04-08T23:41:18.071003","level":"info","event":"[TRAIN/EffNetV2-S] batch 141/675","logger":"root"}
{"timestamp":"2026-04-08T23:41:21.242413","level":"info","event":"[TRAIN/EffNetV2-S] batch 161/675","logger":"root"}
{"timestamp":"2026-04-08T23:41:24.424768","level":"info","event":"[TRAIN/EffNetV2-S] batch 181/675","logger":"root"}
{"timestamp":"2026-04-08T23:41:27.620881","level":"info","event":"[TRAIN/EffNetV2-S] batch 201/675","logger":"root"}
{"timestamp":"2026-04-08T23:41:30.837066","level":"info","event":"[TRAIN/EffNetV2-S] batch 221/675","logger":"root"}
{"timestamp":"2026-04-08T23:41:34.007576","level":"info","event":"[TRAIN/EffNetV2-S] batch 241/675","logger":"root"}
{"timestamp":"2026-04-08T23:41:37.181179","level":"info","event":"[TRAIN/EffNetV2-S] batch 261/675","logger":"root"}
{"timestamp":"2026-04-08T23:41:40.362673","level":"info","event":"[TRAIN/EffNetV2-S] batch 281/675","logger":"root"}
{"timestamp":"2026-04-08T23:41:43.549452","level":"info","event":"[TRAIN/EffNetV2-S] batch 301/675","logger":"root"}
{"timestamp":"2026-04-08T23:41:46.722511","level":"info","event":"[TRAIN/EffNetV2-S] batch 321/675","logger":"root"}
{"timestamp":"2026-04-08T23:41:49.906098","level":"info","event":"[TRAIN/EffNetV2-S] batch 341/675","logger":"root"}
{"timestamp":"2026-04-08T23:41:53.062545","level":"info","event":"[TRAIN/EffNetV2-S] batch 361/675","logger":"root"}
{"timestamp":"2026-04-08T23:41:56.256119","level":"info","event":"[TRAIN/EffNetV2-S] batch 381/675","logger":"root"}
{"timestamp":"2026-04-08T23:41:59.461247","level":"info","event":"[TRAIN/EffNetV2-S] batch 401/675","logger":"root"}
{"timestamp":"2026-04-08T23:42:02.609548","level":"info","event":"[TRAIN/EffNetV2-S] batch 421/675","logger":"root"}
{"timestamp":"2026-04-08T23:42:05.822315","level":"info","event":"[TRAIN/EffNetV2-S] batch 441/675","logger":"root"}
{"timestamp":"2026-04-08T23:42:09.024592","level":"info","event":"[TRAIN/EffNetV2-S] batch 461/675","logger":"root"}
{"timestamp":"2026-04-08T23:42:12.243562","level":"info","event":"[TRAIN/EffNetV2-S] batch 481/675","logger":"root"}
{"timestamp":"2026-04-08T23:42:15.667573","level":"info","event":"[TRAIN/EffNetV2-S] batch 501/675","logger":"root"}
{"timestamp":"2026-04-08T23:42:19.010426","level":"info","event":"[TRAIN/EffNetV2-S] batch 521/675","logger":"root"}
{"timestamp":"2026-04-08T23:42:22.279538","level":"info","event":"[TRAIN/EffNetV2-S] batch 541/675","logger":"root"}
{"timestamp":"2026-04-08T23:42:25.600367","level":"info","event":"[TRAIN/EffNetV2-S] batch 561/675","logger":"root"}
{"timestamp":"2026-04-08T23:42:28.904885","level":"info","event":"[TRAIN/EffNetV2-S] batch 581/675","logger":"root"}
{"timestamp":"2026-04-08T23:42:32.264827","level":"info","event":"[TRAIN/EffNetV2-S] batch 601/675","logger":"root"}
{"timestamp":"2026-04-08T23:42:35.643626","level":"info","event":"[TRAIN/EffNetV2-S] batch 621/675","logger":"root"}
{"timestamp":"2026-04-08T23:42:38.998151","level":"info","event":"[TRAIN/EffNetV2-S] batch 641/675","logger":"root"}
{"timestamp":"2026-04-08T23:42:42.351740","level":"info","event":"[TRAIN/EffNetV2-S] batch 661/675","logger":"root"}
{"timestamp":"2026-04-08T23:42:44.739070","level":"info","event":"[TRAIN/EffNetV2-S] batch 675/675","logger":"root"}
{"timestamp":"2026-04-08T23:42:44.881367","level":"info","event":"Saved TRAIN/EffNetV2-S features → /opt/airflow/data/X_train_effnet.npy","logger":"root"}
{"timestamp":"2026-04-08T23:42:44.963965","level":"info","event":"[TEST/EffNetV2-S] batch 1/38","logger":"root"}
{"timestamp":"2026-04-08T23:42:48.385499","level":"info","event":"[TEST/EffNetV2-S] batch 21/38","logger":"root"}
{"timestamp":"2026-04-08T23:42:51.289461","level":"info","event":"[TEST/EffNetV2-S] batch 38/38","logger":"root"}
{"timestamp":"2026-04-08T23:42:51.368213","level":"info","event":"Saved TEST/EffNetV2-S features → /opt/airflow/data/X_test_effnet.npy","logger":"root"}
{"timestamp":"2026-04-08T23:42:51.543589","level":"info","event":"All features saved to /opt/airflow/data","logger":"root"}
{"timestamp":"2026-04-08T23:42:51.543953","level":"info","event":"Done. Returned value was: None","logger":"airflow.task.operators.airflow.providers.standard.operators.python.PythonOperator"}
