{"timestamp":"2026-04-09T00:37:23.700501","level":"info","event":"DAG bundles loaded: dags-folder","logger":"airflow.dag_processing.bundles.manager.DagBundlesManager"}
{"timestamp":"2026-04-09T00:37:23.700898","level":"info","event":"Filling up the DagBag from /opt/airflow/dags/train_pipeline.py","logger":"airflow.models.dagbag.DagBag"}
{"timestamp":"2026-04-09T00:37:23.855783","level":"info","event":"generated new fontManager","logger":"matplotlib.font_manager"}
{"timestamp":"2026-04-09T00:37:24.562058Z","level":"info","event":"Requirement already satisfied: matplotlib in /home/airflow/.local/lib/python3.10/site-packages (3.10.8)","chan":"stdout","logger":"task"}
{"timestamp":"2026-04-09T00:37:24.628952Z","level":"info","event":"Collecting seaborn","chan":"stdout","logger":"task"}
{"timestamp":"2026-04-09T00:37:24.965214Z","level":"info","event":"  Downloading seaborn-0.13.2-py3-none-any.whl.metadata (5.4 kB)","chan":"stdout","logger":"task"}
{"timestamp":"2026-04-09T00:37:24.979735Z","level":"info","event":"Requirement already satisfied: contourpy>=1.0.1 in /home/airflow/.local/lib/python3.10/site-packages (from matplotlib) (1.3.2)","chan":"stdout","logger":"task"}
{"timestamp":"2026-04-09T00:37:24.979981Z","level":"info","event":"Requirement already satisfied: cycler>=0.10 in /home/airflow/.local/lib/python3.10/site-packages (from matplotlib) (0.12.1)","chan":"stdout","logger":"task"}
{"timestamp":"2026-04-09T00:37:24.980253Z","level":"info","event":"Requirement already satisfied: fonttools>=4.22.0 in /home/airflow/.local/lib/python3.10/site-packages (from matplotlib) (4.62.1)","chan":"stdout","logger":"task"}
{"timestamp":"2026-04-09T00:37:24.980520Z","level":"info","event":"Requirement already satisfied: kiwisolver>=1.3.1 in /home/airflow/.local/lib/python3.10/site-packages (from matplotlib) (1.5.0)","chan":"stdout","logger":"task"}
{"timestamp":"2026-04-09T00:37:24.980799Z","level":"info","event":"Requirement already satisfied: numpy>=1.23 in /home/airflow/.local/lib/python3.10/site-packages (from matplotlib) (1.26.4)","chan":"stdout","logger":"task"}
{"timestamp":"2026-04-09T00:37:24.981070Z","level":"info","event":"Requirement already satisfied: packaging>=20.0 in /home/airflow/.local/lib/python3.10/site-packages (from matplotlib) (24.2)","chan":"stdout","logger":"task"}
{"timestamp":"2026-04-09T00:37:24.981346Z","level":"info","event":"Requirement already satisfied: pillow>=8 in /home/airflow/.local/lib/python3.10/site-packages (from matplotlib) (12.2.0)","chan":"stdout","logger":"task"}
{"timestamp":"2026-04-09T00:37:24.981614Z","level":"info","event":"Requirement already satisfied: pyparsing>=3 in /home/airflow/.local/lib/python3.10/site-packages (from matplotlib) (3.2.3)","chan":"stdout","logger":"task"}
{"timestamp":"2026-04-09T00:37:24.981901Z","level":"info","event":"Requirement already satisfied: python-dateutil>=2.7 in /home/airflow/.local/lib/python3.10/site-packages (from matplotlib) (2.9.0.post0)","chan":"stdout","logger":"task"}
{"timestamp":"2026-04-09T00:37:24.982550Z","level":"info","event":"Requirement already satisfied: pandas>=1.2 in /home/airflow/.local/lib/python3.10/site-packages (from seaborn) (2.1.4)","chan":"stdout","logger":"task"}
{"timestamp":"2026-04-09T00:37:25.004148Z","level":"info","event":"Requirement already satisfied: pytz>=2020.1 in /home/airflow/.local/lib/python3.10/site-packages (from pandas>=1.2->seaborn) (2025.2)","chan":"stdout","logger":"task"}
{"timestamp":"2026-04-09T00:37:25.004424Z","level":"info","event":"Requirement already satisfied: tzdata>=2022.1 in /home/airflow/.local/lib/python3.10/site-packages (from pandas>=1.2->seaborn) (2025.2)","chan":"stdout","logger":"task"}
{"timestamp":"2026-04-09T00:37:25.008242Z","level":"info","event":"Requirement already satisfied: six>=1.5 in /home/airflow/.local/lib/python3.10/site-packages (from python-dateutil>=2.7->matplotlib) (1.17.0)","chan":"stdout","logger":"task"}
{"timestamp":"2026-04-09T00:37:25.108985Z","level":"info","event":"Downloading seaborn-0.13.2-py3-none-any.whl (294 kB)","chan":"stdout","logger":"task"}
{"timestamp":"2026-04-09T00:37:26.059597Z","level":"info","event":"Installing collected packages: seaborn","chan":"stdout","logger":"task"}
{"timestamp":"2026-04-09T00:37:26.209828Z","level":"info","event":"Successfully installed seaborn-0.13.2","chan":"stdout","logger":"task"}
{"timestamp":"2026-04-09T00:37:27.463146","level":"error","event":"Task failed with exception","logger":"task","error_detail":[{"exc_type":"UnboundLocalError","exc_value":"local variable 'os' referenced before assignment","exc_notes":[],"syntax_error":null,"is_cause":false,"frames":[{"filename":"/home/airflow/.local/lib/python3.10/site-packages/airflow/sdk/execution_time/task_runner.py","lineno":825,"name":"run"},{"filename":"/home/airflow/.local/lib/python3.10/site-packages/airflow/sdk/execution_time/task_runner.py","lineno":1088,"name":"_execute_task"},{"filename":"/home/airflow/.local/lib/python3.10/site-packages/airflow/sdk/bases/operator.py","lineno":408,"name":"wrapper"},{"filename":"/home/airflow/.local/lib/python3.10/site-packages/airflow/providers/standard/operators/python.py","lineno":212,"name":"execute"},{"filename":"/home/airflow/.local/lib/python3.10/site-packages/airflow/providers/standard/operators/python.py","lineno":235,"name":"execute_callable"},{"filename":"/home/airflow/.local/lib/python3.10/site-packages/airflow/sdk/execution_time/callback_runner.py","lineno":81,"name":"run"},{"filename":"/opt/airflow/dags/train_pipeline.py","lineno":247,"name":"train_and_log_task"}]}]}
