{"timestamp":"2026-04-08T23:53:37.023698","level":"info","event":"DAG bundles loaded: dags-folder","logger":"airflow.dag_processing.bundles.manager.DagBundlesManager"}
{"timestamp":"2026-04-08T23:53:37.024131","level":"info","event":"Filling up the DagBag from /opt/airflow/dags/train_pipeline.py","logger":"airflow.models.dagbag.DagBag"}
{"timestamp":"2026-04-08T23:53:38.011883","level":"info","event":"MLflow URI: http://mlflow:5000","logger":"root"}
{"timestamp":"2026-04-08T23:53:41.149137","level":"info","event":"[ResNet34] TRAIN acc=0.8091 f1=0.8088","logger":"root"}
{"timestamp":"2026-04-08T23:53:41.149359","level":"info","event":"[ResNet34] TEST  acc=0.8033  f1=0.8031","logger":"root"}
{"timestamp":"2026-04-08T23:53:41.170125Z","level":"error","event":"2026/04/08 23:53:41 WARNING mlflow.models.model: `artifact_path` is deprecated. Please use `name` instead.","chan":"stderr","logger":"task"}
{"timestamp":"2026-04-08T23:53:41.258909Z","level":"error","event":"2026/04/08 23:53:41 WARNING mlflow.sklearn: Saving scikit-learn models in the pickle or cloudpickle format requires exercising caution because these formats rely on Python's object serialization mechanism, which can execute arbitrary code during deserialization. The recommended safe alternative is the 'skops' format. For more information, see: https://scikit-learn.org/stable/model_persistence.html","chan":"stderr","logger":"task"}
{"timestamp":"2026-04-08T23:53:41.259524Z","level":"error","event":"2026/04/08 23:53:41 WARNING mlflow.sklearn: Model was missing function: predict. Not logging python_function flavor!","chan":"stderr","logger":"task"}
{"timestamp":"2026-04-08T23:53:43.976128Z","level":"error","event":"2026/04/08 23:53:43 WARNING mlflow.models.model: `artifact_path` is deprecated. Please use `name` instead.","chan":"stderr","logger":"task"}
{"timestamp":"2026-04-08T23:53:44.039570Z","level":"error","event":"2026/04/08 23:53:44 WARNING mlflow.sklearn: Saving scikit-learn models in the pickle or cloudpickle format requires exercising caution because these formats rely on Python's object serialization mechanism, which can execute arbitrary code during deserialization. The recommended safe alternative is the 'skops' format. For more information, see: https://scikit-learn.org/stable/model_persistence.html","chan":"stderr","logger":"task"}
{"timestamp":"2026-04-08T23:53:46.104770Z","level":"info","event":"🏃 View run PCA256_LogReg_ResNet34 at: http://mlflow:5000/#/experiments/1/runs/dc2c17426e88456891b0156fa5a915c1","chan":"stdout","logger":"task"}
{"timestamp":"2026-04-08T23:53:46.104889Z","level":"info","event":"🧪 View experiment at: http://mlflow:5000/#/experiments/1","chan":"stdout","logger":"task"}
{"timestamp":"2026-04-08T23:53:49.930197","level":"info","event":"[EfficientNetV2-S] TRAIN acc=0.8470 f1=0.8470","logger":"root"}
{"timestamp":"2026-04-08T23:53:49.930318","level":"info","event":"[EfficientNetV2-S] TEST  acc=0.8383  f1=0.8379","logger":"root"}
{"timestamp":"2026-04-08T23:53:49.949014Z","level":"error","event":"2026/04/08 23:53:49 WARNING mlflow.models.model: `artifact_path` is deprecated. Please use `name` instead.","chan":"stderr","logger":"task"}
{"timestamp":"2026-04-08T23:53:50.025569Z","level":"error","event":"2026/04/08 23:53:50 WARNING mlflow.sklearn: Saving scikit-learn models in the pickle or cloudpickle format requires exercising caution because these formats rely on Python's object serialization mechanism, which can execute arbitrary code during deserialization. The recommended safe alternative is the 'skops' format. For more information, see: https://scikit-learn.org/stable/model_persistence.html","chan":"stderr","logger":"task"}
{"timestamp":"2026-04-08T23:53:50.027581Z","level":"error","event":"2026/04/08 23:53:50 WARNING mlflow.sklearn: Model was missing function: predict. Not logging python_function flavor!","chan":"stderr","logger":"task"}
{"timestamp":"2026-04-08T23:53:52.116271Z","level":"error","event":"2026/04/08 23:53:52 WARNING mlflow.models.model: `artifact_path` is deprecated. Please use `name` instead.","chan":"stderr","logger":"task"}
{"timestamp":"2026-04-08T23:53:52.178868Z","level":"error","event":"2026/04/08 23:53:52 WARNING mlflow.sklearn: Saving scikit-learn models in the pickle or cloudpickle format requires exercising caution because these formats rely on Python's object serialization mechanism, which can execute arbitrary code during deserialization. The recommended safe alternative is the 'skops' format. For more information, see: https://scikit-learn.org/stable/model_persistence.html","chan":"stderr","logger":"task"}
{"timestamp":"2026-04-08T23:53:54.257116Z","level":"info","event":"🏃 View run PCA256_LogReg_EfficientNetV2-S at: http://mlflow:5000/#/experiments/1/runs/00d64c5253fd4f4f92c566f34fec175e","chan":"stdout","logger":"task"}
{"timestamp":"2026-04-08T23:53:54.257233Z","level":"info","event":"🧪 View experiment at: http://mlflow:5000/#/experiments/1","chan":"stdout","logger":"task"}
{"timestamp":"2026-04-08T23:53:54.265257","level":"info","event":"Training complete. Best: EfficientNetV2-S — F1=0.8379","logger":"root"}
{"timestamp":"2026-04-08T23:53:54.266099","level":"info","event":"Done. Returned value was: None","logger":"airflow.task.operators.airflow.providers.standard.operators.python.PythonOperator"}
{"timestamp":"2026-04-08T23:59:19.929284Z","level":"error","event":"/home/airflow/.local/lib/python3.10/site-packages/joblib/externals/loky/backend/resource_tracker.py:314: UserWarning: resource_tracker: There appear to be 38 leaked semlock objects to clean up at shutdown","chan":"stderr","logger":"task"}
{"timestamp":"2026-04-08T23:59:19.929449Z","level":"error","event":"  warnings.warn(","chan":"stderr","logger":"task"}
