{"timestamp":"2026-04-09T00:42:27.511331","level":"info","event":"DAG bundles loaded: dags-folder","logger":"airflow.dag_processing.bundles.manager.DagBundlesManager"}
{"timestamp":"2026-04-09T00:42:27.511662","level":"info","event":"Filling up the DagBag from /opt/airflow/dags/train_pipeline.py","logger":"airflow.models.dagbag.DagBag"}
{"timestamp":"2026-04-09T00:42:28.611217","level":"info","event":"MLflow URI: http://mlflow:5000","logger":"root"}
{"timestamp":"2026-04-09T00:42:30.819261","level":"info","event":"[ResNet34 | train_v1] TRAIN acc=0.8213 f1=0.8210","logger":"root"}
{"timestamp":"2026-04-09T00:42:30.819440","level":"info","event":"[ResNet34 | train_v1] TEST  acc=0.7850  f1=0.7844","logger":"root"}
{"timestamp":"2026-04-09T00:42:30.840024Z","level":"error","event":"2026/04/09 00:42:30 WARNING mlflow.models.model: `artifact_path` is deprecated. Please use `name` instead.","chan":"stderr","logger":"task"}
{"timestamp":"2026-04-09T00:42:30.921424Z","level":"error","event":"2026/04/09 00:42:30 WARNING mlflow.sklearn: Saving scikit-learn models in the pickle or cloudpickle format requires exercising caution because these formats rely on Python's object serialization mechanism, which can execute arbitrary code during deserialization. The recommended safe alternative is the 'skops' format. For more information, see: https://scikit-learn.org/stable/model_persistence.html","chan":"stderr","logger":"task"}
{"timestamp":"2026-04-09T00:42:30.921944Z","level":"error","event":"2026/04/09 00:42:30 WARNING mlflow.sklearn: Model was missing function: predict. Not logging python_function flavor!","chan":"stderr","logger":"task"}
{"timestamp":"2026-04-09T00:42:33.493704Z","level":"error","event":"2026/04/09 00:42:33 WARNING mlflow.models.model: `artifact_path` is deprecated. Please use `name` instead.","chan":"stderr","logger":"task"}
{"timestamp":"2026-04-09T00:42:33.553104Z","level":"error","event":"2026/04/09 00:42:33 WARNING mlflow.sklearn: Saving scikit-learn models in the pickle or cloudpickle format requires exercising caution because these formats rely on Python's object serialization mechanism, which can execute arbitrary code during deserialization. The recommended safe alternative is the 'skops' format. For more information, see: https://scikit-learn.org/stable/model_persistence.html","chan":"stderr","logger":"task"}
{"timestamp":"2026-04-09T00:42:35.501280Z","level":"info","event":"🏃 View run PCA256_LogReg_ResNet34_train_v1 at: http://mlflow:5000/#/experiments/1/runs/46dcb85951584769b87e6698b68851e8","chan":"stdout","logger":"task"}
{"timestamp":"2026-04-09T00:42:35.501395Z","level":"info","event":"🧪 View experiment at: http://mlflow:5000/#/experiments/1","chan":"stdout","logger":"task"}
{"timestamp":"2026-04-09T00:42:36.670951","level":"info","event":"[ResNet34 | train_v2] TRAIN acc=0.8213 f1=0.8210","logger":"root"}
{"timestamp":"2026-04-09T00:42:36.671071","level":"info","event":"[ResNet34 | train_v2] TEST  acc=0.7842  f1=0.7835","logger":"root"}
{"timestamp":"2026-04-09T00:42:36.689329Z","level":"error","event":"2026/04/09 00:42:36 WARNING mlflow.models.model: `artifact_path` is deprecated. Please use `name` instead.","chan":"stderr","logger":"task"}
{"timestamp":"2026-04-09T00:42:36.763784Z","level":"error","event":"2026/04/09 00:42:36 WARNING mlflow.sklearn: Saving scikit-learn models in the pickle or cloudpickle format requires exercising caution because these formats rely on Python's object serialization mechanism, which can execute arbitrary code during deserialization. The recommended safe alternative is the 'skops' format. For more information, see: https://scikit-learn.org/stable/model_persistence.html","chan":"stderr","logger":"task"}
{"timestamp":"2026-04-09T00:42:36.764347Z","level":"error","event":"2026/04/09 00:42:36 WARNING mlflow.sklearn: Model was missing function: predict. Not logging python_function flavor!","chan":"stderr","logger":"task"}
{"timestamp":"2026-04-09T00:42:38.680391Z","level":"error","event":"2026/04/09 00:42:38 WARNING mlflow.models.model: `artifact_path` is deprecated. Please use `name` instead.","chan":"stderr","logger":"task"}
{"timestamp":"2026-04-09T00:42:38.740371Z","level":"error","event":"2026/04/09 00:42:38 WARNING mlflow.sklearn: Saving scikit-learn models in the pickle or cloudpickle format requires exercising caution because these formats rely on Python's object serialization mechanism, which can execute arbitrary code during deserialization. The recommended safe alternative is the 'skops' format. For more information, see: https://scikit-learn.org/stable/model_persistence.html","chan":"stderr","logger":"task"}
{"timestamp":"2026-04-09T00:42:40.700498Z","level":"info","event":"🏃 View run PCA256_LogReg_ResNet34_train_v2 at: http://mlflow:5000/#/experiments/1/runs/9e67e4f4e65d468b9c447cbd2f6146fa","chan":"stdout","logger":"task"}
{"timestamp":"2026-04-09T00:42:40.700612Z","level":"info","event":"🧪 View experiment at: http://mlflow:5000/#/experiments/1","chan":"stdout","logger":"task"}
{"timestamp":"2026-04-09T00:42:43.568756","level":"info","event":"[EfficientNetV2-S | train_v1] TRAIN acc=0.8563 f1=0.8563","logger":"root"}
{"timestamp":"2026-04-09T00:42:43.568875","level":"info","event":"[EfficientNetV2-S | train_v1] TEST  acc=0.8208  f1=0.8207","logger":"root"}
{"timestamp":"2026-04-09T00:42:43.585603Z","level":"error","event":"2026/04/09 00:42:43 WARNING mlflow.models.model: `artifact_path` is deprecated. Please use `name` instead.","chan":"stderr","logger":"task"}
{"timestamp":"2026-04-09T00:42:43.659427Z","level":"error","event":"2026/04/09 00:42:43 WARNING mlflow.sklearn: Saving scikit-learn models in the pickle or cloudpickle format requires exercising caution because these formats rely on Python's object serialization mechanism, which can execute arbitrary code during deserialization. The recommended safe alternative is the 'skops' format. For more information, see: https://scikit-learn.org/stable/model_persistence.html","chan":"stderr","logger":"task"}
{"timestamp":"2026-04-09T00:42:43.661287Z","level":"error","event":"2026/04/09 00:42:43 WARNING mlflow.sklearn: Model was missing function: predict. Not logging python_function flavor!","chan":"stderr","logger":"task"}
{"timestamp":"2026-04-09T00:42:45.590655Z","level":"error","event":"2026/04/09 00:42:45 WARNING mlflow.models.model: `artifact_path` is deprecated. Please use `name` instead.","chan":"stderr","logger":"task"}
{"timestamp":"2026-04-09T00:42:45.651432Z","level":"error","event":"2026/04/09 00:42:45 WARNING mlflow.sklearn: Saving scikit-learn models in the pickle or cloudpickle format requires exercising caution because these formats rely on Python's object serialization mechanism, which can execute arbitrary code during deserialization. The recommended safe alternative is the 'skops' format. For more information, see: https://scikit-learn.org/stable/model_persistence.html","chan":"stderr","logger":"task"}
{"timestamp":"2026-04-09T00:42:47.593145Z","level":"info","event":"🏃 View run PCA256_LogReg_EfficientNetV2-S_train_v1 at: http://mlflow:5000/#/experiments/1/runs/ea57f76432cc4b7797b0b0ccbfa5a46d","chan":"stdout","logger":"task"}
{"timestamp":"2026-04-09T00:42:47.593283Z","level":"info","event":"🧪 View experiment at: http://mlflow:5000/#/experiments/1","chan":"stdout","logger":"task"}
{"timestamp":"2026-04-09T00:42:50.479073","level":"info","event":"[EfficientNetV2-S | train_v2] TRAIN acc=0.8593 f1=0.8592","logger":"root"}
{"timestamp":"2026-04-09T00:42:50.479199","level":"info","event":"[EfficientNetV2-S | train_v2] TEST  acc=0.8192  f1=0.8186","logger":"root"}
{"timestamp":"2026-04-09T00:42:50.495490Z","level":"error","event":"2026/04/09 00:42:50 WARNING mlflow.models.model: `artifact_path` is deprecated. Please use `name` instead.","chan":"stderr","logger":"task"}
{"timestamp":"2026-04-09T00:42:50.568767Z","level":"error","event":"2026/04/09 00:42:50 WARNING mlflow.sklearn: Saving scikit-learn models in the pickle or cloudpickle format requires exercising caution because these formats rely on Python's object serialization mechanism, which can execute arbitrary code during deserialization. The recommended safe alternative is the 'skops' format. For more information, see: https://scikit-learn.org/stable/model_persistence.html","chan":"stderr","logger":"task"}
{"timestamp":"2026-04-09T00:42:50.570857Z","level":"error","event":"2026/04/09 00:42:50 WARNING mlflow.sklearn: Model was missing function: predict. Not logging python_function flavor!","chan":"stderr","logger":"task"}
{"timestamp":"2026-04-09T00:42:52.520414Z","level":"error","event":"2026/04/09 00:42:52 WARNING mlflow.models.model: `artifact_path` is deprecated. Please use `name` instead.","chan":"stderr","logger":"task"}
{"timestamp":"2026-04-09T00:42:52.576489Z","level":"error","event":"2026/04/09 00:42:52 WARNING mlflow.sklearn: Saving scikit-learn models in the pickle or cloudpickle format requires exercising caution because these formats rely on Python's object serialization mechanism, which can execute arbitrary code during deserialization. The recommended safe alternative is the 'skops' format. For more information, see: https://scikit-learn.org/stable/model_persistence.html","chan":"stderr","logger":"task"}
{"timestamp":"2026-04-09T00:42:54.536018Z","level":"info","event":"🏃 View run PCA256_LogReg_EfficientNetV2-S_train_v2 at: http://mlflow:5000/#/experiments/1/runs/4ff24930812a438a88157c29e0dcfa48","chan":"stdout","logger":"task"}
{"timestamp":"2026-04-09T00:42:54.536152Z","level":"info","event":"🧪 View experiment at: http://mlflow:5000/#/experiments/1","chan":"stdout","logger":"task"}
{"timestamp":"2026-04-09T00:42:54.542710","level":"info","event":"Training complete. Best: EfficientNetV2-S trained on train_v1 — F1=0.8207","logger":"root"}
{"timestamp":"2026-04-09T00:42:54.558883","level":"warning","event":"\n\nPassing `palette` without assigning `hue` is deprecated and will be removed in v0.14.0. Assign the `x` variable to `hue` and set `legend=False` for the same effect.\n","category":"FutureWarning","filename":"/opt/airflow/dags/train_pipeline.py","lineno":332,"logger":"py.warnings"}
{"timestamp":"2026-04-09T00:42:54.693889Z","level":"info","event":"🏃 View run Visualization_Report at: http://mlflow:5000/#/experiments/1/runs/9d9cf1fea15142aebc575969608b32cd","chan":"stdout","logger":"task"}
{"timestamp":"2026-04-09T00:42:54.693997Z","level":"info","event":"🧪 View experiment at: http://mlflow:5000/#/experiments/1","chan":"stdout","logger":"task"}
{"timestamp":"2026-04-09T00:42:54.700606","level":"info","event":"Done. Returned value was: None","logger":"airflow.task.operators.airflow.providers.standard.operators.python.PythonOperator"}
{"timestamp":"2026-04-09T00:48:20.598629Z","level":"error","event":"/home/airflow/.local/lib/python3.10/site-packages/joblib/externals/loky/backend/resource_tracker.py:314: UserWarning: resource_tracker: There appear to be 38 leaked semlock objects to clean up at shutdown","chan":"stderr","logger":"task"}
{"timestamp":"2026-04-09T00:48:20.598803Z","level":"error","event":"  warnings.warn(","chan":"stderr","logger":"task"}
