[2026-03-31T20:14:47.000+0000] {manager.py:469} INFO - Processing files using up to 2 processes at a time 
[2026-03-31T20:14:47.000+0000] {manager.py:470} INFO - Process each file at most once every 30 seconds
[2026-03-31T20:14:47.000+0000] {manager.py:471} INFO - Checking for new files in /opt/airflow/dags every 300 seconds
[2026-03-31T20:14:47.000+0000] {manager.py:738} INFO - Searching for files in /opt/airflow/dags
[2026-03-31T20:14:47.001+0000] {manager.py:741} INFO - There are 1 files in /opt/airflow/dags
[2026-03-31T20:14:47.049+0000] {manager.py:879} INFO - 
================================================================================
DAG File Processing Stats

File Path                              PID  Runtime      # DAGs    # Errors  Last Runtime    Last Run
-----------------------------------  -----  ---------  --------  ----------  --------------  ----------
/opt/airflow/dags/train_pipeline.py    188  0.02s             0           0
================================================================================
[2026-03-31T20:15:17.132+0000] {manager.py:879} INFO - 
================================================================================
DAG File Processing Stats

File Path                            PID    Runtime      # DAGs    # Errors  Last Runtime    Last Run
-----------------------------------  -----  ---------  --------  ----------  --------------  -------------------
/opt/airflow/dags/train_pipeline.py                           1           0  0.19s           2026-03-31T20:14:47
================================================================================
[2026-03-31T20:15:47.382+0000] {manager.py:879} INFO - 
================================================================================
DAG File Processing Stats

File Path                              PID  Runtime      # DAGs    # Errors  Last Runtime    Last Run
-----------------------------------  -----  ---------  --------  ----------  --------------  -------------------
/opt/airflow/dags/train_pipeline.py    198  0.01s             1           0  0.06s           2026-03-31T20:15:17
================================================================================
[2026-03-31T20:16:17.497+0000] {manager.py:879} INFO - 
================================================================================
DAG File Processing Stats

File Path                              PID  Runtime      # DAGs    # Errors  Last Runtime    Last Run
-----------------------------------  -----  ---------  --------  ----------  --------------  -------------------
/opt/airflow/dags/train_pipeline.py    203  0.01s             1           0  0.06s           2026-03-31T20:15:47
================================================================================
[2026-03-31T20:16:47.588+0000] {manager.py:879} INFO - 
================================================================================
DAG File Processing Stats

File Path                              PID  Runtime      # DAGs    # Errors  Last Runtime    Last Run
-----------------------------------  -----  ---------  --------  ----------  --------------  -------------------
/opt/airflow/dags/train_pipeline.py    208  0.01s             1           0  0.05s           2026-03-31T20:16:17
================================================================================
[2026-03-31T20:17:17.696+0000] {manager.py:879} INFO - 
================================================================================
DAG File Processing Stats

File Path                              PID  Runtime      # DAGs    # Errors  Last Runtime    Last Run
-----------------------------------  -----  ---------  --------  ----------  --------------  -------------------
/opt/airflow/dags/train_pipeline.py    213  0.01s             1           0  0.06s           2026-03-31T20:16:47
================================================================================
[2026-03-31T20:17:47.792+0000] {manager.py:879} INFO - 
================================================================================
DAG File Processing Stats

File Path                              PID  Runtime      # DAGs    # Errors  Last Runtime    Last Run
-----------------------------------  -----  ---------  --------  ----------  --------------  -------------------
/opt/airflow/dags/train_pipeline.py    218  0.01s             1           0  0.06s           2026-03-31T20:17:17
================================================================================
[2026-03-31T20:18:17.889+0000] {manager.py:879} INFO - 
================================================================================
DAG File Processing Stats

File Path                              PID  Runtime      # DAGs    # Errors  Last Runtime    Last Run
-----------------------------------  -----  ---------  --------  ----------  --------------  -------------------
/opt/airflow/dags/train_pipeline.py    223  0.01s             1           0  0.06s           2026-03-31T20:17:47
================================================================================
[2026-03-31T20:18:47.994+0000] {manager.py:879} INFO - 
================================================================================
DAG File Processing Stats

File Path                              PID  Runtime      # DAGs    # Errors  Last Runtime    Last Run
-----------------------------------  -----  ---------  --------  ----------  --------------  -------------------
/opt/airflow/dags/train_pipeline.py    228  0.01s             1           0  0.06s           2026-03-31T20:18:17
================================================================================
[2026-03-31T20:19:18.102+0000] {manager.py:879} INFO - 
================================================================================
DAG File Processing Stats

File Path                              PID  Runtime      # DAGs    # Errors  Last Runtime    Last Run
-----------------------------------  -----  ---------  --------  ----------  --------------  -------------------
/opt/airflow/dags/train_pipeline.py    233  0.01s             1           0  0.06s           2026-03-31T20:18:48
================================================================================
[2026-03-31T20:19:47.198+0000] {manager.py:738} INFO - Searching for files in /opt/airflow/dags
[2026-03-31T20:19:47.199+0000] {manager.py:741} INFO - There are 1 files in /opt/airflow/dags
[2026-03-31T20:19:48.214+0000] {manager.py:879} INFO - 
================================================================================
DAG File Processing Stats

File Path                              PID  Runtime      # DAGs    # Errors  Last Runtime    Last Run
-----------------------------------  -----  ---------  --------  ----------  --------------  -------------------
/opt/airflow/dags/train_pipeline.py    238  0.00s             1           0  0.05s           2026-03-31T20:19:18
================================================================================
[2026-03-31T20:20:18.309+0000] {manager.py:879} INFO - 
================================================================================
DAG File Processing Stats

File Path                              PID  Runtime      # DAGs    # Errors  Last Runtime    Last Run
-----------------------------------  -----  ---------  --------  ----------  --------------  -------------------
/opt/airflow/dags/train_pipeline.py    243  0.01s             1           0  0.06s           2026-03-31T20:19:48
================================================================================
[2026-03-31T20:20:48.411+0000] {manager.py:879} INFO - 
================================================================================
DAG File Processing Stats

File Path                              PID  Runtime      # DAGs    # Errors  Last Runtime    Last Run
-----------------------------------  -----  ---------  --------  ----------  --------------  -------------------
/opt/airflow/dags/train_pipeline.py    248  0.01s             1           0  0.06s           2026-03-31T20:20:18
================================================================================
[2026-03-31T20:21:18.506+0000] {manager.py:879} INFO - 
================================================================================
DAG File Processing Stats

File Path                              PID  Runtime      # DAGs    # Errors  Last Runtime    Last Run
-----------------------------------  -----  ---------  --------  ----------  --------------  -------------------
/opt/airflow/dags/train_pipeline.py    253  0.01s             1           0  0.06s           2026-03-31T20:20:48
================================================================================
[2026-03-31T20:21:48.615+0000] {manager.py:879} INFO - 
================================================================================
DAG File Processing Stats

File Path                              PID  Runtime      # DAGs    # Errors  Last Runtime    Last Run
-----------------------------------  -----  ---------  --------  ----------  --------------  -------------------
/opt/airflow/dags/train_pipeline.py    258  0.01s             1           0  0.06s           2026-03-31T20:21:18
================================================================================
[2026-03-31T20:22:18.709+0000] {manager.py:879} INFO - 
================================================================================
DAG File Processing Stats

File Path                              PID  Runtime      # DAGs    # Errors  Last Runtime    Last Run
-----------------------------------  -----  ---------  --------  ----------  --------------  -------------------
/opt/airflow/dags/train_pipeline.py    263  0.01s             1           0  0.06s           2026-03-31T20:21:48
================================================================================
[2026-03-31T20:22:48.822+0000] {manager.py:879} INFO - 
================================================================================
DAG File Processing Stats

File Path                              PID  Runtime      # DAGs    # Errors  Last Runtime    Last Run
-----------------------------------  -----  ---------  --------  ----------  --------------  -------------------
/opt/airflow/dags/train_pipeline.py    268  0.01s             1           0  0.06s           2026-03-31T20:22:18
================================================================================
[2026-03-31T20:23:18.915+0000] {manager.py:879} INFO - 
================================================================================
DAG File Processing Stats

File Path                              PID  Runtime      # DAGs    # Errors  Last Runtime    Last Run
-----------------------------------  -----  ---------  --------  ----------  --------------  -------------------
/opt/airflow/dags/train_pipeline.py    273  0.01s             1           0  0.06s           2026-03-31T20:22:48
================================================================================
[2026-03-31T20:23:49.031+0000] {manager.py:879} INFO - 
================================================================================
DAG File Processing Stats

File Path                              PID  Runtime      # DAGs    # Errors  Last Runtime    Last Run
-----------------------------------  -----  ---------  --------  ----------  --------------  -------------------
/opt/airflow/dags/train_pipeline.py    278  0.01s             1           0  0.06s           2026-03-31T20:23:18
================================================================================
[2026-03-31T20:24:19.126+0000] {manager.py:879} INFO - 
================================================================================
DAG File Processing Stats

File Path                              PID  Runtime      # DAGs    # Errors  Last Runtime    Last Run
-----------------------------------  -----  ---------  --------  ----------  --------------  -------------------
/opt/airflow/dags/train_pipeline.py    283  0.01s             1           0  0.06s           2026-03-31T20:23:49
================================================================================
[2026-03-31T20:24:34.291+0000] {manager.py:451} INFO - Exiting gracefully upon receiving signal 15
[2026-03-31T20:24:53.582+0000] {manager.py:469} INFO - Processing files using up to 2 processes at a time 
[2026-03-31T20:24:53.583+0000] {manager.py:470} INFO - Process each file at most once every 30 seconds
[2026-03-31T20:24:53.583+0000] {manager.py:471} INFO - Checking for new files in /opt/airflow/dags every 300 seconds
[2026-03-31T20:24:53.583+0000] {manager.py:738} INFO - Searching for files in /opt/airflow/dags
[2026-03-31T20:24:53.584+0000] {manager.py:741} INFO - There are 1 files in /opt/airflow/dags
[2026-03-31T20:24:53.631+0000] {manager.py:879} INFO - 
================================================================================
DAG File Processing Stats

File Path                              PID  Runtime      # DAGs    # Errors  Last Runtime    Last Run
-----------------------------------  -----  ---------  --------  ----------  --------------  ----------
/opt/airflow/dags/train_pipeline.py    188  0.02s             0           0
================================================================================
[2026-03-31T20:25:23.719+0000] {manager.py:879} INFO - 
================================================================================
DAG File Processing Stats

File Path                              PID  Runtime      # DAGs    # Errors  Last Runtime    Last Run
-----------------------------------  -----  ---------  --------  ----------  --------------  -------------------
/opt/airflow/dags/train_pipeline.py    193  0.01s             1           0  0.06s           2026-03-31T20:24:53
================================================================================
[2026-03-31T20:25:53.810+0000] {manager.py:879} INFO - 
================================================================================
DAG File Processing Stats

File Path                            PID    Runtime      # DAGs    # Errors  Last Runtime    Last Run
-----------------------------------  -----  ---------  --------  ----------  --------------  -------------------
/opt/airflow/dags/train_pipeline.py                           1           0  0.18s           2026-03-31T20:25:23
================================================================================
[2026-03-31T20:26:24.057+0000] {manager.py:879} INFO - 
================================================================================
DAG File Processing Stats

File Path                              PID  Runtime      # DAGs    # Errors  Last Runtime    Last Run
-----------------------------------  -----  ---------  --------  ----------  --------------  -------------------
/opt/airflow/dags/train_pipeline.py    203  0.00s             1           0  0.06s           2026-03-31T20:25:54
================================================================================
[2026-03-31T20:26:54.186+0000] {manager.py:879} INFO - 
================================================================================
DAG File Processing Stats

File Path                              PID  Runtime      # DAGs    # Errors  Last Runtime    Last Run
-----------------------------------  -----  ---------  --------  ----------  --------------  -------------------
/opt/airflow/dags/train_pipeline.py    208  0.01s             1           0  0.06s           2026-03-31T20:26:24
================================================================================
[2026-03-31T20:27:24.276+0000] {manager.py:879} INFO - 
================================================================================
DAG File Processing Stats

File Path                              PID  Runtime      # DAGs    # Errors  Last Runtime    Last Run
-----------------------------------  -----  ---------  --------  ----------  --------------  -------------------
/opt/airflow/dags/train_pipeline.py    213  0.00s             1           0  0.06s           2026-03-31T20:26:54
================================================================================
[2026-03-31T20:27:54.395+0000] {manager.py:879} INFO - 
================================================================================
DAG File Processing Stats

File Path                              PID  Runtime      # DAGs    # Errors  Last Runtime    Last Run
-----------------------------------  -----  ---------  --------  ----------  --------------  -------------------
/opt/airflow/dags/train_pipeline.py    218  0.01s             1           0  0.05s           2026-03-31T20:27:24
================================================================================
[2026-03-31T20:28:24.487+0000] {manager.py:879} INFO - 
================================================================================
DAG File Processing Stats

File Path                              PID  Runtime      # DAGs    # Errors  Last Runtime    Last Run
-----------------------------------  -----  ---------  --------  ----------  --------------  -------------------
/opt/airflow/dags/train_pipeline.py    223  0.00s             1           0  0.06s           2026-03-31T20:27:54
================================================================================
[2026-03-31T20:28:54.578+0000] {manager.py:879} INFO - 
================================================================================
DAG File Processing Stats

File Path                              PID  Runtime      # DAGs    # Errors  Last Runtime    Last Run
-----------------------------------  -----  ---------  --------  ----------  --------------  -------------------
/opt/airflow/dags/train_pipeline.py    228  0.01s             1           0  0.05s           2026-03-31T20:28:24
================================================================================
[2026-03-31T20:29:24.683+0000] {manager.py:879} INFO - 
================================================================================
DAG File Processing Stats

File Path                              PID  Runtime      # DAGs    # Errors  Last Runtime    Last Run
-----------------------------------  -----  ---------  --------  ----------  --------------  -------------------
/opt/airflow/dags/train_pipeline.py    308  0.01s             1           0  0.06s           2026-03-31T20:28:54
================================================================================
[2026-03-31T20:29:53.773+0000] {manager.py:738} INFO - Searching for files in /opt/airflow/dags
[2026-03-31T20:29:53.774+0000] {manager.py:741} INFO - There are 1 files in /opt/airflow/dags
[2026-03-31T20:29:54.790+0000] {manager.py:879} INFO - 
================================================================================
DAG File Processing Stats

File Path                              PID  Runtime      # DAGs    # Errors  Last Runtime    Last Run
-----------------------------------  -----  ---------  --------  ----------  --------------  -------------------
/opt/airflow/dags/train_pipeline.py    345  0.01s             1           0  0.06s           2026-03-31T20:29:24
================================================================================
[2026-03-31T20:30:24.897+0000] {manager.py:879} INFO - 
================================================================================
DAG File Processing Stats

File Path                              PID  Runtime      # DAGs    # Errors  Last Runtime    Last Run
-----------------------------------  -----  ---------  --------  ----------  --------------  -------------------
/opt/airflow/dags/train_pipeline.py    350  0.01s             1           0  0.07s           2026-03-31T20:29:54
================================================================================
[2026-03-31T20:30:54.991+0000] {manager.py:879} INFO - 
================================================================================
DAG File Processing Stats

File Path                              PID  Runtime      # DAGs    # Errors  Last Runtime    Last Run
-----------------------------------  -----  ---------  --------  ----------  --------------  -------------------
/opt/airflow/dags/train_pipeline.py    355  0.00s             1           0  0.05s           2026-03-31T20:30:24
================================================================================
[2026-03-31T20:31:25.085+0000] {manager.py:879} INFO - 
================================================================================
DAG File Processing Stats

File Path                              PID  Runtime      # DAGs    # Errors  Last Runtime    Last Run
-----------------------------------  -----  ---------  --------  ----------  --------------  -------------------
/opt/airflow/dags/train_pipeline.py    360  0.00s             1           0  0.05s           2026-03-31T20:30:55
================================================================================
[2026-03-31T20:31:55.181+0000] {manager.py:879} INFO - 
================================================================================
DAG File Processing Stats

File Path                              PID  Runtime      # DAGs    # Errors  Last Runtime    Last Run
-----------------------------------  -----  ---------  --------  ----------  --------------  -------------------
/opt/airflow/dags/train_pipeline.py    365  0.01s             1           0  0.06s           2026-03-31T20:31:25
================================================================================
[2026-03-31T20:32:25.291+0000] {manager.py:879} INFO - 
================================================================================
DAG File Processing Stats

File Path                              PID  Runtime      # DAGs    # Errors  Last Runtime    Last Run
-----------------------------------  -----  ---------  --------  ----------  --------------  -------------------
/opt/airflow/dags/train_pipeline.py    370  0.00s             1           0  0.06s           2026-03-31T20:31:55
================================================================================
[2026-03-31T20:32:55.386+0000] {manager.py:879} INFO - 
================================================================================
DAG File Processing Stats

File Path                              PID  Runtime      # DAGs    # Errors  Last Runtime    Last Run
-----------------------------------  -----  ---------  --------  ----------  --------------  -------------------
/opt/airflow/dags/train_pipeline.py    375  0.00s             1           0  0.05s           2026-03-31T20:32:25
================================================================================
[2026-03-31T20:33:25.505+0000] {manager.py:879} INFO - 
================================================================================
DAG File Processing Stats

File Path                            PID    Runtime      # DAGs    # Errors  Last Runtime    Last Run
-----------------------------------  -----  ---------  --------  ----------  --------------  -------------------
/opt/airflow/dags/train_pipeline.py                           1           0  0.07s           2026-03-31T20:33:21
================================================================================
[2026-03-31T20:33:55.608+0000] {manager.py:879} INFO - 
================================================================================
DAG File Processing Stats

File Path                            PID    Runtime      # DAGs    # Errors  Last Runtime    Last Run
-----------------------------------  -----  ---------  --------  ----------  --------------  -------------------
/opt/airflow/dags/train_pipeline.py                           1           0  0.06s           2026-03-31T20:33:51
================================================================================
[2026-03-31T20:34:25.716+0000] {manager.py:879} INFO - 
================================================================================
DAG File Processing Stats

File Path                            PID    Runtime      # DAGs    # Errors  Last Runtime    Last Run
-----------------------------------  -----  ---------  --------  ----------  --------------  -------------------
/opt/airflow/dags/train_pipeline.py                           1           0  0.06s           2026-03-31T20:34:21
================================================================================
[2026-03-31T20:34:53.895+0000] {manager.py:738} INFO - Searching for files in /opt/airflow/dags
[2026-03-31T20:34:53.896+0000] {manager.py:741} INFO - There are 1 files in /opt/airflow/dags
[2026-03-31T20:34:55.921+0000] {manager.py:879} INFO - 
================================================================================
DAG File Processing Stats

File Path                            PID    Runtime      # DAGs    # Errors  Last Runtime    Last Run
-----------------------------------  -----  ---------  --------  ----------  --------------  -------------------
/opt/airflow/dags/train_pipeline.py                           1           0  0.09s           2026-03-31T20:34:51
================================================================================
[2026-03-31T20:35:26.130+0000] {manager.py:879} INFO - 
================================================================================
DAG File Processing Stats

File Path                            PID    Runtime      # DAGs    # Errors  Last Runtime    Last Run
-----------------------------------  -----  ---------  --------  ----------  --------------  -------------------
/opt/airflow/dags/train_pipeline.py                           1           0  0.13s           2026-03-31T20:35:22
================================================================================
[2026-03-31T20:35:56.304+0000] {manager.py:879} INFO - 
================================================================================
DAG File Processing Stats

File Path                            PID    Runtime      # DAGs    # Errors  Last Runtime    Last Run
-----------------------------------  -----  ---------  --------  ----------  --------------  -------------------
/opt/airflow/dags/train_pipeline.py                           1           0  0.09s           2026-03-31T20:35:52
================================================================================
[2026-03-31T20:36:26.544+0000] {manager.py:879} INFO - 
================================================================================
DAG File Processing Stats

File Path                            PID    Runtime      # DAGs    # Errors  Last Runtime    Last Run
-----------------------------------  -----  ---------  --------  ----------  --------------  -------------------
/opt/airflow/dags/train_pipeline.py                           1           0  0.15s           2026-03-31T20:36:22
================================================================================
[2026-03-31T20:36:56.753+0000] {manager.py:879} INFO - 
================================================================================
DAG File Processing Stats

File Path                            PID    Runtime      # DAGs    # Errors  Last Runtime    Last Run
-----------------------------------  -----  ---------  --------  ----------  --------------  -------------------
/opt/airflow/dags/train_pipeline.py                           1           0  0.12s           2026-03-31T20:36:52
================================================================================
[2026-03-31T20:37:26.933+0000] {manager.py:879} INFO - 
================================================================================
DAG File Processing Stats

File Path                            PID    Runtime      # DAGs    # Errors  Last Runtime    Last Run
-----------------------------------  -----  ---------  --------  ----------  --------------  -------------------
/opt/airflow/dags/train_pipeline.py                           1           0  0.13s           2026-03-31T20:37:23
================================================================================
[2026-03-31T20:37:57.217+0000] {manager.py:879} INFO - 
================================================================================
DAG File Processing Stats

File Path                            PID    Runtime      # DAGs    # Errors  Last Runtime    Last Run
-----------------------------------  -----  ---------  --------  ----------  --------------  -------------------
/opt/airflow/dags/train_pipeline.py                           1           0  0.13s           2026-03-31T20:37:53
================================================================================
[2026-03-31T20:38:27.406+0000] {manager.py:879} INFO - 
================================================================================
DAG File Processing Stats

File Path                            PID    Runtime      # DAGs    # Errors  Last Runtime    Last Run
-----------------------------------  -----  ---------  --------  ----------  --------------  -------------------
/opt/airflow/dags/train_pipeline.py                           1           0  0.12s           2026-03-31T20:38:23
================================================================================
[2026-03-31T20:38:57.655+0000] {manager.py:879} INFO - 
================================================================================
DAG File Processing Stats

File Path                            PID    Runtime      # DAGs    # Errors  Last Runtime    Last Run
-----------------------------------  -----  ---------  --------  ----------  --------------  -------------------
/opt/airflow/dags/train_pipeline.py                           1           0  0.13s           2026-03-31T20:38:53
================================================================================
[2026-03-31T20:39:27.839+0000] {manager.py:879} INFO - 
================================================================================
DAG File Processing Stats

File Path                            PID    Runtime      # DAGs    # Errors  Last Runtime    Last Run
-----------------------------------  -----  ---------  --------  ----------  --------------  -------------------
/opt/airflow/dags/train_pipeline.py                           1           0  0.09s           2026-03-31T20:39:23
================================================================================
[2026-03-31T20:39:53.978+0000] {manager.py:738} INFO - Searching for files in /opt/airflow/dags
[2026-03-31T20:39:53.979+0000] {manager.py:741} INFO - There are 1 files in /opt/airflow/dags
[2026-03-31T20:39:58.063+0000] {manager.py:879} INFO - 
================================================================================
DAG File Processing Stats

File Path                            PID    Runtime      # DAGs    # Errors  Last Runtime    Last Run
-----------------------------------  -----  ---------  --------  ----------  --------------  -------------------
/opt/airflow/dags/train_pipeline.py                           1           0  0.15s           2026-03-31T20:39:54
================================================================================
[2026-03-31T20:40:28.295+0000] {manager.py:879} INFO - 
================================================================================
DAG File Processing Stats

File Path                            PID    Runtime      # DAGs    # Errors  Last Runtime    Last Run
-----------------------------------  -----  ---------  --------  ----------  --------------  -------------------
/opt/airflow/dags/train_pipeline.py                           1           0  0.11s           2026-03-31T20:40:24
================================================================================
[2026-03-31T20:40:58.499+0000] {manager.py:879} INFO - 
================================================================================
DAG File Processing Stats

File Path                            PID    Runtime      # DAGs    # Errors  Last Runtime    Last Run
-----------------------------------  -----  ---------  --------  ----------  --------------  -------------------
/opt/airflow/dags/train_pipeline.py                           1           0  0.18s           2026-03-31T20:40:54
================================================================================
[2026-03-31T20:41:28.787+0000] {manager.py:879} INFO - 
================================================================================
DAG File Processing Stats

File Path                            PID    Runtime      # DAGs    # Errors  Last Runtime    Last Run
-----------------------------------  -----  ---------  --------  ----------  --------------  -------------------
/opt/airflow/dags/train_pipeline.py                           1           0  0.12s           2026-03-31T20:41:24
================================================================================
[2026-03-31T20:41:58.990+0000] {manager.py:879} INFO - 
================================================================================
DAG File Processing Stats

File Path                            PID    Runtime      # DAGs    # Errors  Last Runtime    Last Run
-----------------------------------  -----  ---------  --------  ----------  --------------  -------------------
/opt/airflow/dags/train_pipeline.py                           1           0  0.12s           2026-03-31T20:41:55
================================================================================
[2026-03-31T20:42:29.133+0000] {manager.py:879} INFO - 
================================================================================
DAG File Processing Stats

File Path                            PID    Runtime      # DAGs    # Errors  Last Runtime    Last Run
-----------------------------------  -----  ---------  --------  ----------  --------------  -------------------
/opt/airflow/dags/train_pipeline.py                           1           0  0.06s           2026-03-31T20:42:25
================================================================================
[2026-03-31T20:42:34.007+0000] {manager.py:451} INFO - Exiting gracefully upon receiving signal 15
[2026-03-31T20:42:50.049+0000] {manager.py:469} INFO - Processing files using up to 2 processes at a time 
[2026-03-31T20:42:50.050+0000] {manager.py:470} INFO - Process each file at most once every 30 seconds
[2026-03-31T20:42:50.050+0000] {manager.py:471} INFO - Checking for new files in /opt/airflow/dags every 300 seconds
[2026-03-31T20:42:50.050+0000] {manager.py:738} INFO - Searching for files in /opt/airflow/dags
[2026-03-31T20:42:50.051+0000] {manager.py:741} INFO - There are 1 files in /opt/airflow/dags
[2026-03-31T20:42:50.098+0000] {manager.py:879} INFO - 
================================================================================
DAG File Processing Stats

File Path                              PID  Runtime      # DAGs    # Errors  Last Runtime    Last Run
-----------------------------------  -----  ---------  --------  ----------  --------------  ----------
/opt/airflow/dags/train_pipeline.py    188  0.02s             0           0
================================================================================
[2026-03-31T20:43:20.185+0000] {manager.py:879} INFO - 
================================================================================
DAG File Processing Stats

File Path                              PID  Runtime      # DAGs    # Errors  Last Runtime    Last Run
-----------------------------------  -----  ---------  --------  ----------  --------------  -------------------
/opt/airflow/dags/train_pipeline.py    193  0.01s             1           0  0.06s           2026-03-31T20:42:50
================================================================================
[2026-03-31T20:43:50.268+0000] {manager.py:879} INFO - 
================================================================================
DAG File Processing Stats

File Path                            PID    Runtime      # DAGs    # Errors  Last Runtime    Last Run
-----------------------------------  -----  ---------  --------  ----------  --------------  -------------------
/opt/airflow/dags/train_pipeline.py                           1           0  0.17s           2026-03-31T20:43:20
================================================================================
[2026-03-31T20:44:20.502+0000] {manager.py:879} INFO - 
================================================================================
DAG File Processing Stats

File Path                              PID  Runtime      # DAGs    # Errors  Last Runtime    Last Run
-----------------------------------  -----  ---------  --------  ----------  --------------  -------------------
/opt/airflow/dags/train_pipeline.py    241  0.01s             1           0  0.06s           2026-03-31T20:43:50
================================================================================
[2026-03-31T20:44:50.605+0000] {manager.py:879} INFO - 
================================================================================
DAG File Processing Stats

File Path                              PID  Runtime      # DAGs    # Errors  Last Runtime    Last Run
-----------------------------------  -----  ---------  --------  ----------  --------------  -------------------
/opt/airflow/dags/train_pipeline.py    251  0.01s             1           0  0.06s           2026-03-31T20:44:20
================================================================================
[2026-03-31T20:45:20.699+0000] {manager.py:879} INFO - 
================================================================================
DAG File Processing Stats

File Path                              PID  Runtime      # DAGs    # Errors  Last Runtime    Last Run
-----------------------------------  -----  ---------  --------  ----------  --------------  -------------------
/opt/airflow/dags/train_pipeline.py    330  0.01s             1           0  0.06s           2026-03-31T20:44:50
================================================================================
[2026-03-31T20:45:50.813+0000] {manager.py:879} INFO - 
================================================================================
DAG File Processing Stats

File Path                              PID  Runtime      # DAGs    # Errors  Last Runtime    Last Run
-----------------------------------  -----  ---------  --------  ----------  --------------  -------------------
/opt/airflow/dags/train_pipeline.py    368  0.01s             1           0  0.06s           2026-03-31T20:45:20
================================================================================
[2026-03-31T20:46:20.908+0000] {manager.py:879} INFO - 
================================================================================
DAG File Processing Stats

File Path                              PID  Runtime      # DAGs    # Errors  Last Runtime    Last Run
-----------------------------------  -----  ---------  --------  ----------  --------------  -------------------
/opt/airflow/dags/train_pipeline.py    373  0.01s             1           0  0.06s           2026-03-31T20:45:50
================================================================================
[2026-03-31T20:46:51.022+0000] {manager.py:879} INFO - 
================================================================================
DAG File Processing Stats

File Path                              PID  Runtime      # DAGs    # Errors  Last Runtime    Last Run
-----------------------------------  -----  ---------  --------  ----------  --------------  -------------------
/opt/airflow/dags/train_pipeline.py    378  0.01s             1           0  0.06s           2026-03-31T20:46:20
================================================================================
[2026-03-31T20:47:21.119+0000] {manager.py:879} INFO - 
================================================================================
DAG File Processing Stats

File Path                              PID  Runtime      # DAGs    # Errors  Last Runtime    Last Run
-----------------------------------  -----  ---------  --------  ----------  --------------  -------------------
/opt/airflow/dags/train_pipeline.py    421  0.01s             1           0  0.06s           2026-03-31T20:46:51
================================================================================
[2026-03-31T20:47:50.222+0000] {manager.py:738} INFO - Searching for files in /opt/airflow/dags
[2026-03-31T20:47:50.223+0000] {manager.py:741} INFO - There are 1 files in /opt/airflow/dags
[2026-03-31T20:47:51.240+0000] {manager.py:879} INFO - 
================================================================================
DAG File Processing Stats

File Path                              PID  Runtime      # DAGs    # Errors  Last Runtime    Last Run
-----------------------------------  -----  ---------  --------  ----------  --------------  -------------------
/opt/airflow/dags/train_pipeline.py    426  0.01s             1           0  0.06s           2026-03-31T20:47:21
================================================================================
[2026-03-31T20:48:21.330+0000] {manager.py:879} INFO - 
================================================================================
DAG File Processing Stats

File Path                              PID  Runtime      # DAGs    # Errors  Last Runtime    Last Run
-----------------------------------  -----  ---------  --------  ----------  --------------  -------------------
/opt/airflow/dags/train_pipeline.py    431  0.01s             1           0  0.06s           2026-03-31T20:47:51
================================================================================
[2026-03-31T20:48:51.444+0000] {manager.py:879} INFO - 
================================================================================
DAG File Processing Stats

File Path                              PID  Runtime      # DAGs    # Errors  Last Runtime    Last Run
-----------------------------------  -----  ---------  --------  ----------  --------------  -------------------
/opt/airflow/dags/train_pipeline.py    436  0.01s             1           0  0.06s           2026-03-31T20:48:21
================================================================================
[2026-03-31T20:49:21.541+0000] {manager.py:879} INFO - 
================================================================================
DAG File Processing Stats

File Path                              PID  Runtime      # DAGs    # Errors  Last Runtime    Last Run
-----------------------------------  -----  ---------  --------  ----------  --------------  -------------------
/opt/airflow/dags/train_pipeline.py    441  0.01s             1           0  0.06s           2026-03-31T20:48:51
================================================================================
[2026-03-31T20:49:51.651+0000] {manager.py:879} INFO - 
================================================================================
DAG File Processing Stats

File Path                              PID  Runtime      # DAGs    # Errors  Last Runtime    Last Run
-----------------------------------  -----  ---------  --------  ----------  --------------  -------------------
/opt/airflow/dags/train_pipeline.py    446  0.01s             1           0  0.07s           2026-03-31T20:49:21
================================================================================
[2026-03-31T20:50:21.755+0000] {manager.py:879} INFO - 
================================================================================
DAG File Processing Stats

File Path                              PID  Runtime      # DAGs    # Errors  Last Runtime    Last Run
-----------------------------------  -----  ---------  --------  ----------  --------------  -------------------
/opt/airflow/dags/train_pipeline.py    451  0.01s             1           0  0.08s           2026-03-31T20:49:51
================================================================================
[2026-03-31T20:50:51.873+0000] {manager.py:879} INFO - 
================================================================================
DAG File Processing Stats

File Path                              PID  Runtime      # DAGs    # Errors  Last Runtime    Last Run
-----------------------------------  -----  ---------  --------  ----------  --------------  -------------------
/opt/airflow/dags/train_pipeline.py    456  0.01s             1           0  0.06s           2026-03-31T20:50:21
================================================================================
[2026-03-31T20:51:08.893+0000] {manager.py:451} INFO - Exiting gracefully upon receiving signal 15
[2026-03-31T20:51:24.009+0000] {manager.py:469} INFO - Processing files using up to 2 processes at a time 
[2026-03-31T20:51:24.009+0000] {manager.py:470} INFO - Process each file at most once every 30 seconds
[2026-03-31T20:51:24.009+0000] {manager.py:471} INFO - Checking for new files in /opt/airflow/dags every 300 seconds
[2026-03-31T20:51:24.010+0000] {manager.py:738} INFO - Searching for files in /opt/airflow/dags
[2026-03-31T20:51:24.010+0000] {manager.py:741} INFO - There are 1 files in /opt/airflow/dags
[2026-03-31T20:51:24.056+0000] {manager.py:879} INFO - 
================================================================================
DAG File Processing Stats

File Path                              PID  Runtime      # DAGs    # Errors  Last Runtime    Last Run
-----------------------------------  -----  ---------  --------  ----------  --------------  ----------
/opt/airflow/dags/train_pipeline.py    188  0.02s             0           0
================================================================================
[2026-03-31T20:51:54.145+0000] {manager.py:879} INFO - 
================================================================================
DAG File Processing Stats

File Path                              PID  Runtime      # DAGs    # Errors  Last Runtime    Last Run
-----------------------------------  -----  ---------  --------  ----------  --------------  -------------------
/opt/airflow/dags/train_pipeline.py    230  0.01s             1           0  0.06s           2026-03-31T20:51:24
================================================================================
[2026-03-31T20:52:24.228+0000] {manager.py:879} INFO - 
================================================================================
DAG File Processing Stats

File Path                            PID    Runtime      # DAGs    # Errors  Last Runtime    Last Run
-----------------------------------  -----  ---------  --------  ----------  --------------  -------------------
/opt/airflow/dags/train_pipeline.py                           1           0  0.18s           2026-03-31T20:51:54
================================================================================
[2026-03-31T20:52:54.464+0000] {manager.py:879} INFO - 
================================================================================
DAG File Processing Stats

File Path                              PID  Runtime      # DAGs    # Errors  Last Runtime    Last Run
-----------------------------------  -----  ---------  --------  ----------  --------------  -------------------
/opt/airflow/dags/train_pipeline.py    240  0.01s             1           0  0.06s           2026-03-31T20:52:24
================================================================================
[2026-03-31T20:53:24.566+0000] {manager.py:879} INFO - 
================================================================================
DAG File Processing Stats

File Path                              PID  Runtime      # DAGs    # Errors  Last Runtime    Last Run
-----------------------------------  -----  ---------  --------  ----------  --------------  -------------------
/opt/airflow/dags/train_pipeline.py    320  0.01s             1           0  0.06s           2026-03-31T20:52:54
================================================================================
[2026-03-31T20:53:54.673+0000] {manager.py:879} INFO - 
================================================================================
DAG File Processing Stats

File Path                              PID  Runtime      # DAGs    # Errors  Last Runtime    Last Run
-----------------------------------  -----  ---------  --------  ----------  --------------  -------------------
/opt/airflow/dags/train_pipeline.py    359  0.01s             1           0  0.06s           2026-03-31T20:53:24
================================================================================
[2026-03-31T20:54:24.770+0000] {manager.py:879} INFO - 
================================================================================
DAG File Processing Stats

File Path                              PID  Runtime      # DAGs    # Errors  Last Runtime    Last Run
-----------------------------------  -----  ---------  --------  ----------  --------------  -------------------
/opt/airflow/dags/train_pipeline.py    364  0.01s             1           0  0.06s           2026-03-31T20:53:54
================================================================================
[2026-03-31T20:54:54.878+0000] {manager.py:879} INFO - 
================================================================================
DAG File Processing Stats

File Path                              PID  Runtime      # DAGs    # Errors  Last Runtime    Last Run
-----------------------------------  -----  ---------  --------  ----------  --------------  -------------------
/opt/airflow/dags/train_pipeline.py    369  0.01s             1           0  0.06s           2026-03-31T20:54:24
================================================================================
[2026-03-31T20:55:24.974+0000] {manager.py:879} INFO - 
================================================================================
DAG File Processing Stats

File Path                              PID  Runtime      # DAGs    # Errors  Last Runtime    Last Run
-----------------------------------  -----  ---------  --------  ----------  --------------  -------------------
/opt/airflow/dags/train_pipeline.py    374  0.01s             1           0  0.06s           2026-03-31T20:54:54
================================================================================
[2026-03-31T20:55:55.078+0000] {manager.py:879} INFO - 
================================================================================
DAG File Processing Stats

File Path                              PID  Runtime      # DAGs    # Errors  Last Runtime    Last Run
-----------------------------------  -----  ---------  --------  ----------  --------------  -------------------
/opt/airflow/dags/train_pipeline.py    379  0.01s             1           0  0.06s           2026-03-31T20:55:25
================================================================================
[2026-03-31T20:56:24.161+0000] {manager.py:738} INFO - Searching for files in /opt/airflow/dags
[2026-03-31T20:56:24.162+0000] {manager.py:741} INFO - There are 1 files in /opt/airflow/dags
[2026-03-31T20:56:25.178+0000] {manager.py:879} INFO - 
================================================================================
DAG File Processing Stats

File Path                              PID  Runtime      # DAGs    # Errors  Last Runtime    Last Run
-----------------------------------  -----  ---------  --------  ----------  --------------  -------------------
/opt/airflow/dags/train_pipeline.py    421  0.01s             1           0  0.06s           2026-03-31T20:55:55
================================================================================
[2026-03-31T20:56:55.286+0000] {manager.py:879} INFO - 
================================================================================
DAG File Processing Stats

File Path                              PID  Runtime      # DAGs    # Errors  Last Runtime    Last Run
-----------------------------------  -----  ---------  --------  ----------  --------------  -------------------
/opt/airflow/dags/train_pipeline.py    426  0.01s             1           0  0.06s           2026-03-31T20:56:25
================================================================================
[2026-03-31T20:57:07.727+0000] {manager.py:451} INFO - Exiting gracefully upon receiving signal 15
[2026-03-31T20:57:24.900+0000] {manager.py:469} INFO - Processing files using up to 2 processes at a time 
[2026-03-31T20:57:24.901+0000] {manager.py:470} INFO - Process each file at most once every 30 seconds
[2026-03-31T20:57:24.901+0000] {manager.py:471} INFO - Checking for new files in /opt/airflow/dags every 300 seconds
[2026-03-31T20:57:24.901+0000] {manager.py:738} INFO - Searching for files in /opt/airflow/dags
[2026-03-31T20:57:24.902+0000] {manager.py:741} INFO - There are 1 files in /opt/airflow/dags
[2026-03-31T20:57:24.954+0000] {manager.py:879} INFO - 
================================================================================
DAG File Processing Stats

File Path                              PID  Runtime      # DAGs    # Errors  Last Runtime    Last Run
-----------------------------------  -----  ---------  --------  ----------  --------------  ----------
/opt/airflow/dags/train_pipeline.py    188  0.03s             0           0
================================================================================
[2026-03-31T20:57:55.040+0000] {manager.py:879} INFO - 
================================================================================
DAG File Processing Stats

File Path                              PID  Runtime      # DAGs    # Errors  Last Runtime    Last Run
-----------------------------------  -----  ---------  --------  ----------  --------------  -------------------
/opt/airflow/dags/train_pipeline.py    193  0.01s             1           0  0.09s           2026-03-31T20:57:25
================================================================================
[2026-03-31T20:58:25.157+0000] {manager.py:879} INFO - 
================================================================================
DAG File Processing Stats

File Path                            PID    Runtime      # DAGs    # Errors  Last Runtime    Last Run
-----------------------------------  -----  ---------  --------  ----------  --------------  -------------------
/opt/airflow/dags/train_pipeline.py                           1           0  0.18s           2026-03-31T20:57:55
================================================================================
[2026-03-31T20:58:55.375+0000] {manager.py:879} INFO - 
================================================================================
DAG File Processing Stats

File Path                              PID  Runtime      # DAGs    # Errors  Last Runtime    Last Run
-----------------------------------  -----  ---------  --------  ----------  --------------  -------------------
/opt/airflow/dags/train_pipeline.py    203  0.01s             1           0  0.07s           2026-03-31T20:58:25
================================================================================
[2026-03-31T20:59:25.489+0000] {manager.py:879} INFO - 
================================================================================
DAG File Processing Stats

File Path                              PID  Runtime      # DAGs    # Errors  Last Runtime    Last Run
-----------------------------------  -----  ---------  --------  ----------  --------------  -------------------
/opt/airflow/dags/train_pipeline.py    208  0.01s             1           0  0.06s           2026-03-31T20:58:55
================================================================================
[2026-03-31T20:59:55.580+0000] {manager.py:879} INFO - 
================================================================================
DAG File Processing Stats

File Path                              PID  Runtime      # DAGs    # Errors  Last Runtime    Last Run
-----------------------------------  -----  ---------  --------  ----------  --------------  -------------------
/opt/airflow/dags/train_pipeline.py    213  0.01s             1           0  0.06s           2026-03-31T20:59:25
================================================================================
[2026-03-31T21:00:25.694+0000] {manager.py:879} INFO - 
================================================================================
DAG File Processing Stats

File Path                              PID  Runtime      # DAGs    # Errors  Last Runtime    Last Run
-----------------------------------  -----  ---------  --------  ----------  --------------  -------------------
/opt/airflow/dags/train_pipeline.py    218  0.01s             1           0  0.11s           2026-03-31T20:59:55
================================================================================
[2026-03-31T21:00:55.840+0000] {manager.py:879} INFO - 
================================================================================
DAG File Processing Stats

File Path                              PID  Runtime      # DAGs    # Errors  Last Runtime    Last Run
-----------------------------------  -----  ---------  --------  ----------  --------------  -------------------
/opt/airflow/dags/train_pipeline.py    299  0.01s             1           0  0.07s           2026-03-31T21:00:25
================================================================================
[2026-03-31T21:01:25.939+0000] {manager.py:879} INFO - 
================================================================================
DAG File Processing Stats

File Path                              PID  Runtime      # DAGs    # Errors  Last Runtime    Last Run
-----------------------------------  -----  ---------  --------  ----------  --------------  -------------------
/opt/airflow/dags/train_pipeline.py    338  0.01s             1           0  0.07s           2026-03-31T21:00:55
================================================================================
[2026-03-31T21:01:56.047+0000] {manager.py:879} INFO - 
================================================================================
DAG File Processing Stats

File Path                              PID  Runtime      # DAGs    # Errors  Last Runtime    Last Run
-----------------------------------  -----  ---------  --------  ----------  --------------  -------------------
/opt/airflow/dags/train_pipeline.py    347  0.01s             1           0  0.06s           2026-03-31T21:01:25
================================================================================
[2026-03-31T21:02:25.135+0000] {manager.py:738} INFO - Searching for files in /opt/airflow/dags
[2026-03-31T21:02:25.136+0000] {manager.py:741} INFO - There are 1 files in /opt/airflow/dags
[2026-03-31T21:02:26.152+0000] {manager.py:879} INFO - 
================================================================================
DAG File Processing Stats

File Path                              PID  Runtime      # DAGs    # Errors  Last Runtime    Last Run
-----------------------------------  -----  ---------  --------  ----------  --------------  -------------------
/opt/airflow/dags/train_pipeline.py    405  0.01s             1           0  0.06s           2026-03-31T21:01:56
================================================================================
[2026-03-31T21:02:56.259+0000] {manager.py:879} INFO - 
================================================================================
DAG File Processing Stats

File Path                              PID  Runtime      # DAGs    # Errors  Last Runtime    Last Run
-----------------------------------  -----  ---------  --------  ----------  --------------  -------------------
/opt/airflow/dags/train_pipeline.py    410  0.01s             1           0  0.06s           2026-03-31T21:02:26
================================================================================
[2026-03-31T21:03:26.381+0000] {manager.py:879} INFO - 
================================================================================
DAG File Processing Stats

File Path                            PID    Runtime      # DAGs    # Errors  Last Runtime    Last Run
-----------------------------------  -----  ---------  --------  ----------  --------------  -------------------
/opt/airflow/dags/train_pipeline.py                           1           0  0.08s           2026-03-31T21:03:25
================================================================================
[2026-03-31T21:03:56.487+0000] {manager.py:879} INFO - 
================================================================================
DAG File Processing Stats

File Path                            PID    Runtime      # DAGs    # Errors  Last Runtime    Last Run
-----------------------------------  -----  ---------  --------  ----------  --------------  -------------------
/opt/airflow/dags/train_pipeline.py                           1           0  0.06s           2026-03-31T21:03:55
================================================================================
[2026-03-31T21:04:26.595+0000] {manager.py:879} INFO - 
================================================================================
DAG File Processing Stats

File Path                            PID    Runtime      # DAGs    # Errors  Last Runtime    Last Run
-----------------------------------  -----  ---------  --------  ----------  --------------  -------------------
/opt/airflow/dags/train_pipeline.py                           1           0  0.07s           2026-03-31T21:04:25
================================================================================
[2026-03-31T21:04:56.705+0000] {manager.py:879} INFO - 
================================================================================
DAG File Processing Stats

File Path                            PID    Runtime      # DAGs    # Errors  Last Runtime    Last Run
-----------------------------------  -----  ---------  --------  ----------  --------------  -------------------
/opt/airflow/dags/train_pipeline.py                           1           0  0.06s           2026-03-31T21:04:55
================================================================================
[2026-03-31T21:05:26.809+0000] {manager.py:879} INFO - 
================================================================================
DAG File Processing Stats

File Path                            PID    Runtime      # DAGs    # Errors  Last Runtime    Last Run
-----------------------------------  -----  ---------  --------  ----------  --------------  -------------------
/opt/airflow/dags/train_pipeline.py                           1           0  0.07s           2026-03-31T21:05:25
================================================================================
[2026-03-31T21:05:56.929+0000] {manager.py:879} INFO - 
================================================================================
DAG File Processing Stats

File Path                            PID    Runtime      # DAGs    # Errors  Last Runtime    Last Run
-----------------------------------  -----  ---------  --------  ----------  --------------  -------------------
/opt/airflow/dags/train_pipeline.py                           1           0  0.07s           2026-03-31T21:05:55
================================================================================
[2026-03-31T21:06:27.023+0000] {manager.py:879} INFO - 
================================================================================
DAG File Processing Stats

File Path                            PID    Runtime      # DAGs    # Errors  Last Runtime    Last Run
-----------------------------------  -----  ---------  --------  ----------  --------------  -------------------
/opt/airflow/dags/train_pipeline.py                           1           0  0.06s           2026-03-31T21:06:26
================================================================================
[2026-03-31T21:06:57.132+0000] {manager.py:879} INFO - 
================================================================================
DAG File Processing Stats

File Path                            PID    Runtime      # DAGs    # Errors  Last Runtime    Last Run
-----------------------------------  -----  ---------  --------  ----------  --------------  -------------------
/opt/airflow/dags/train_pipeline.py                           1           0  0.07s           2026-03-31T21:06:44
================================================================================
[2026-03-31T21:07:25.229+0000] {manager.py:738} INFO - Searching for files in /opt/airflow/dags
[2026-03-31T21:07:25.230+0000] {manager.py:741} INFO - There are 1 files in /opt/airflow/dags
[2026-03-31T21:07:27.239+0000] {manager.py:879} INFO - 
================================================================================
DAG File Processing Stats

File Path                            PID    Runtime      # DAGs    # Errors  Last Runtime    Last Run
-----------------------------------  -----  ---------  --------  ----------  --------------  -------------------
/opt/airflow/dags/train_pipeline.py                           1           0  0.06s           2026-03-31T21:07:14
================================================================================
[2026-03-31T21:07:57.341+0000] {manager.py:879} INFO - 
================================================================================
DAG File Processing Stats

File Path                            PID    Runtime      # DAGs    # Errors  Last Runtime    Last Run
-----------------------------------  -----  ---------  --------  ----------  --------------  -------------------
/opt/airflow/dags/train_pipeline.py                           1           0  0.06s           2026-03-31T21:07:44
================================================================================
[2026-03-31T21:08:27.449+0000] {manager.py:879} INFO - 
================================================================================
DAG File Processing Stats

File Path                            PID    Runtime      # DAGs    # Errors  Last Runtime    Last Run
-----------------------------------  -----  ---------  --------  ----------  --------------  -------------------
/opt/airflow/dags/train_pipeline.py                           1           0  0.06s           2026-03-31T21:08:14
================================================================================
[2026-03-31T21:08:57.545+0000] {manager.py:879} INFO - 
================================================================================
DAG File Processing Stats

File Path                            PID    Runtime      # DAGs    # Errors  Last Runtime    Last Run
-----------------------------------  -----  ---------  --------  ----------  --------------  -------------------
/opt/airflow/dags/train_pipeline.py                           1           0  0.06s           2026-03-31T21:08:44
================================================================================
[2026-03-31T21:09:27.656+0000] {manager.py:879} INFO - 
================================================================================
DAG File Processing Stats

File Path                            PID    Runtime      # DAGs    # Errors  Last Runtime    Last Run
-----------------------------------  -----  ---------  --------  ----------  --------------  -------------------
/opt/airflow/dags/train_pipeline.py                           1           0  0.07s           2026-03-31T21:09:14
================================================================================
[2026-03-31T21:09:57.762+0000] {manager.py:879} INFO - 
================================================================================
DAG File Processing Stats

File Path                            PID    Runtime      # DAGs    # Errors  Last Runtime    Last Run
-----------------------------------  -----  ---------  --------  ----------  --------------  -------------------
/opt/airflow/dags/train_pipeline.py                           1           0  0.06s           2026-03-31T21:09:44
================================================================================
