{"timestamp":"2026-04-08T23:42:56.724646","level":"info","event":"DAG bundles loaded: dags-folder","logger":"airflow.dag_processing.bundles.manager.DagBundlesManager"}
{"timestamp":"2026-04-08T23:42:56.725047","level":"info","event":"Filling up the DagBag from /opt/airflow/dags/train_pipeline.py","logger":"airflow.models.dagbag.DagBag"}
{"timestamp":"2026-04-08T23:42:58.429660","level":"info","event":"MLflow URI: http://mlflow:5000","logger":"root"}
{"timestamp":"2026-04-08T23:42:58.447822","level":"warning","event":"Retrying (Retry(total=6, connect=6, read=7, redirect=7, status=7)) after connection broken by 'NameResolutionError(\"<urllib3.connection.HTTPConnection object at 0x7fc4b13cd1b0>: Failed to resolve 'mlflow' ([Errno -3] Temporary failure in name resolution)\")': /api/2.0/mlflow/experiments/get-by-name?experiment_name=Places365_Classification","logger":"urllib3.connectionpool"}
{"timestamp":"2026-04-08T23:43:03.341854","level":"warning","event":"Retrying (Retry(total=5, connect=5, read=7, redirect=7, status=7)) after connection broken by 'NameResolutionError(\"<urllib3.connection.HTTPConnection object at 0x7fc4b13cda20>: Failed to resolve 'mlflow' ([Errno -3] Temporary failure in name resolution)\")': /api/2.0/mlflow/experiments/get-by-name?experiment_name=Places365_Classification","logger":"urllib3.connectionpool"}
{"timestamp":"2026-04-08T23:43:11.546839","level":"warning","event":"Retrying (Retry(total=4, connect=4, read=7, redirect=7, status=7)) after connection broken by 'NameResolutionError(\"<urllib3.connection.HTTPConnection object at 0x7fc4b13ce170>: Failed to resolve 'mlflow' ([Errno -3] Temporary failure in name resolution)\")': /api/2.0/mlflow/experiments/get-by-name?experiment_name=Places365_Classification","logger":"urllib3.connectionpool"}
{"timestamp":"2026-04-08T23:43:28.534861","level":"warning","event":"Retrying (Retry(total=3, connect=3, read=7, redirect=7, status=7)) after connection broken by 'NameResolutionError(\"<urllib3.connection.HTTPConnection object at 0x7fc4b13ce9e0>: Failed to resolve 'mlflow' ([Errno -3] Temporary failure in name resolution)\")': /api/2.0/mlflow/experiments/get-by-name?experiment_name=Places365_Classification","logger":"urllib3.connectionpool"}
{"timestamp":"2026-04-08T23:44:01.557342","level":"warning","event":"Retrying (Retry(total=2, connect=2, read=7, redirect=7, status=7)) after connection broken by 'NameResolutionError(\"<urllib3.connection.HTTPConnection object at 0x7fc4b13ce470>: Failed to resolve 'mlflow' ([Errno -3] Temporary failure in name resolution)\")': /api/2.0/mlflow/experiments/get-by-name?experiment_name=Places365_Classification","logger":"urllib3.connectionpool"}
{"timestamp":"2026-04-08T23:45:05.732860","level":"warning","event":"Retrying (Retry(total=1, connect=1, read=7, redirect=7, status=7)) after connection broken by 'NameResolutionError(\"<urllib3.connection.HTTPConnection object at 0x7fc4b13ce140>: Failed to resolve 'mlflow' ([Errno -3] Temporary failure in name resolution)\")': /api/2.0/mlflow/experiments/get-by-name?experiment_name=Places365_Classification","logger":"urllib3.connectionpool"}
{"timestamp":"2026-04-08T23:47:05.793929","level":"warning","event":"Retrying (Retry(total=0, connect=0, read=7, redirect=7, status=7)) after connection broken by 'NameResolutionError(\"<urllib3.connection.HTTPConnection object at 0x7fc4b13ce3e0>: Failed to resolve 'mlflow' ([Errno -3] Temporary failure in name resolution)\")': /api/2.0/mlflow/experiments/get-by-name?experiment_name=Places365_Classification","logger":"urllib3.connectionpool"}
{"timestamp":"2026-04-08T23:47:05.938670Z","level":"error","event":"2026/04/08 23:47:05 INFO mlflow.tracking.fluent: Experiment with name 'Places365_Classification' does not exist. Creating a new experiment.","chan":"stderr","logger":"task"}
{"timestamp":"2026-04-08T23:47:09.289430","level":"info","event":"[ResNet34] TRAIN acc=0.8090 f1=0.8087","logger":"root"}
{"timestamp":"2026-04-08T23:47:09.289609","level":"info","event":"[ResNet34] TEST  acc=0.8042  f1=0.8040","logger":"root"}
{"timestamp":"2026-04-08T23:47:09.308237Z","level":"error","event":"2026/04/08 23:47:09 WARNING mlflow.models.model: `artifact_path` is deprecated. Please use `name` instead.","chan":"stderr","logger":"task"}
{"timestamp":"2026-04-08T23:47:09.393046Z","level":"error","event":"2026/04/08 23:47:09 WARNING mlflow.sklearn: Saving scikit-learn models in the pickle or cloudpickle format requires exercising caution because these formats rely on Python's object serialization mechanism, which can execute arbitrary code during deserialization. The recommended safe alternative is the 'skops' format. For more information, see: https://scikit-learn.org/stable/model_persistence.html","chan":"stderr","logger":"task"}
{"timestamp":"2026-04-08T23:47:09.393665Z","level":"error","event":"2026/04/08 23:47:09 WARNING mlflow.sklearn: Model was missing function: predict. Not logging python_function flavor!","chan":"stderr","logger":"task"}
{"timestamp":"2026-04-08T23:47:12.280106Z","level":"error","event":"2026/04/08 23:47:12 WARNING mlflow.models.model: `artifact_path` is deprecated. Please use `name` instead.","chan":"stderr","logger":"task"}
{"timestamp":"2026-04-08T23:47:12.343296Z","level":"error","event":"2026/04/08 23:47:12 WARNING mlflow.sklearn: Saving scikit-learn models in the pickle or cloudpickle format requires exercising caution because these formats rely on Python's object serialization mechanism, which can execute arbitrary code during deserialization. The recommended safe alternative is the 'skops' format. For more information, see: https://scikit-learn.org/stable/model_persistence.html","chan":"stderr","logger":"task"}
{"timestamp":"2026-04-08T23:47:14.429607Z","level":"info","event":"🏃 View run PCA256_LogReg_ResNet34 at: http://mlflow:5000/#/experiments/1/runs/ee5dcfd3d6cc4a4bb51d196ba1940771","chan":"stdout","logger":"task"}
{"timestamp":"2026-04-08T23:47:14.429730Z","level":"info","event":"🧪 View experiment at: http://mlflow:5000/#/experiments/1","chan":"stdout","logger":"task"}
{"timestamp":"2026-04-08T23:47:20.986191","level":"info","event":"[EfficientNetV2-S] TRAIN acc=0.8469 f1=0.8469","logger":"root"}
{"timestamp":"2026-04-08T23:47:20.986312","level":"info","event":"[EfficientNetV2-S] TEST  acc=0.8383  f1=0.8379","logger":"root"}
{"timestamp":"2026-04-08T23:47:21.000143Z","level":"error","event":"2026/04/08 23:47:21 WARNING mlflow.models.model: `artifact_path` is deprecated. Please use `name` instead.","chan":"stderr","logger":"task"}
{"timestamp":"2026-04-08T23:47:21.077002Z","level":"error","event":"2026/04/08 23:47:21 WARNING mlflow.sklearn: Saving scikit-learn models in the pickle or cloudpickle format requires exercising caution because these formats rely on Python's object serialization mechanism, which can execute arbitrary code during deserialization. The recommended safe alternative is the 'skops' format. For more information, see: https://scikit-learn.org/stable/model_persistence.html","chan":"stderr","logger":"task"}
{"timestamp":"2026-04-08T23:47:21.078885Z","level":"error","event":"2026/04/08 23:47:21 WARNING mlflow.sklearn: Model was missing function: predict. Not logging python_function flavor!","chan":"stderr","logger":"task"}
{"timestamp":"2026-04-08T23:47:23.179759Z","level":"error","event":"2026/04/08 23:47:23 WARNING mlflow.models.model: `artifact_path` is deprecated. Please use `name` instead.","chan":"stderr","logger":"task"}
{"timestamp":"2026-04-08T23:47:23.256887Z","level":"error","event":"2026/04/08 23:47:23 WARNING mlflow.sklearn: Saving scikit-learn models in the pickle or cloudpickle format requires exercising caution because these formats rely on Python's object serialization mechanism, which can execute arbitrary code during deserialization. The recommended safe alternative is the 'skops' format. For more information, see: https://scikit-learn.org/stable/model_persistence.html","chan":"stderr","logger":"task"}
{"timestamp":"2026-04-08T23:47:25.362799Z","level":"info","event":"🏃 View run PCA256_LogReg_EfficientNetV2-S at: http://mlflow:5000/#/experiments/1/runs/cdd6245fb00f44a3b9fce244fb6d6d2e","chan":"stdout","logger":"task"}
{"timestamp":"2026-04-08T23:47:25.362921Z","level":"info","event":"🧪 View experiment at: http://mlflow:5000/#/experiments/1","chan":"stdout","logger":"task"}
{"timestamp":"2026-04-08T23:47:25.370021","level":"info","event":"Training complete. Best: EfficientNetV2-S — F1=0.8379","logger":"root"}
{"timestamp":"2026-04-08T23:47:25.371846","level":"info","event":"Done. Returned value was: None","logger":"airflow.task.operators.airflow.providers.standard.operators.python.PythonOperator"}
{"timestamp":"2026-04-08T23:52:50.965659Z","level":"error","event":"/home/airflow/.local/lib/python3.10/site-packages/joblib/externals/loky/backend/resource_tracker.py:314: UserWarning: resource_tracker: There appear to be 38 leaked semlock objects to clean up at shutdown","chan":"stderr","logger":"task"}
{"timestamp":"2026-04-08T23:52:50.965838Z","level":"error","event":"  warnings.warn(","chan":"stderr","logger":"task"}
