{"timestamp":"2026-04-09T03:47:09.835758","level":"info","event":"DAG bundles loaded: dags-folder","logger":"airflow.dag_processing.bundles.manager.DagBundlesManager"}
{"timestamp":"2026-04-09T03:47:09.836167","level":"info","event":"Filling up the DagBag from /opt/airflow/dags/train_pipeline.py","logger":"airflow.models.dagbag.DagBag"}
{"timestamp":"2026-04-09T03:47:10.035992","level":"info","event":"generated new fontManager","logger":"matplotlib.font_manager"}
{"timestamp":"2026-04-09T03:47:10.786995Z","level":"info","event":"Requirement already satisfied: matplotlib in /home/airflow/.local/lib/python3.10/site-packages (3.10.8)","chan":"stdout","logger":"task"}
{"timestamp":"2026-04-09T03:47:10.855524Z","level":"info","event":"Collecting seaborn","chan":"stdout","logger":"task"}
{"timestamp":"2026-04-09T03:47:11.201249Z","level":"info","event":"  Downloading seaborn-0.13.2-py3-none-any.whl.metadata (5.4 kB)","chan":"stdout","logger":"task"}
{"timestamp":"2026-04-09T03:47:11.219218Z","level":"info","event":"Requirement already satisfied: contourpy>=1.0.1 in /home/airflow/.local/lib/python3.10/site-packages (from matplotlib) (1.3.2)","chan":"stdout","logger":"task"}
{"timestamp":"2026-04-09T03:47:11.219476Z","level":"info","event":"Requirement already satisfied: cycler>=0.10 in /home/airflow/.local/lib/python3.10/site-packages (from matplotlib) (0.12.1)","chan":"stdout","logger":"task"}
{"timestamp":"2026-04-09T03:47:11.219756Z","level":"info","event":"Requirement already satisfied: fonttools>=4.22.0 in /home/airflow/.local/lib/python3.10/site-packages (from matplotlib) (4.62.1)","chan":"stdout","logger":"task"}
{"timestamp":"2026-04-09T03:47:11.220019Z","level":"info","event":"Requirement already satisfied: kiwisolver>=1.3.1 in /home/airflow/.local/lib/python3.10/site-packages (from matplotlib) (1.5.0)","chan":"stdout","logger":"task"}
{"timestamp":"2026-04-09T03:47:11.220273Z","level":"info","event":"Requirement already satisfied: numpy>=1.23 in /home/airflow/.local/lib/python3.10/site-packages (from matplotlib) (1.26.4)","chan":"stdout","logger":"task"}
{"timestamp":"2026-04-09T03:47:11.220532Z","level":"info","event":"Requirement already satisfied: packaging>=20.0 in /home/airflow/.local/lib/python3.10/site-packages (from matplotlib) (24.2)","chan":"stdout","logger":"task"}
{"timestamp":"2026-04-09T03:47:11.220805Z","level":"info","event":"Requirement already satisfied: pillow>=8 in /home/airflow/.local/lib/python3.10/site-packages (from matplotlib) (12.2.0)","chan":"stdout","logger":"task"}
{"timestamp":"2026-04-09T03:47:11.221067Z","level":"info","event":"Requirement already satisfied: pyparsing>=3 in /home/airflow/.local/lib/python3.10/site-packages (from matplotlib) (3.2.3)","chan":"stdout","logger":"task"}
{"timestamp":"2026-04-09T03:47:11.221332Z","level":"info","event":"Requirement already satisfied: python-dateutil>=2.7 in /home/airflow/.local/lib/python3.10/site-packages (from matplotlib) (2.9.0.post0)","chan":"stdout","logger":"task"}
{"timestamp":"2026-04-09T03:47:11.221959Z","level":"info","event":"Requirement already satisfied: pandas>=1.2 in /home/airflow/.local/lib/python3.10/site-packages (from seaborn) (2.1.4)","chan":"stdout","logger":"task"}
{"timestamp":"2026-04-09T03:47:11.247046Z","level":"info","event":"Requirement already satisfied: pytz>=2020.1 in /home/airflow/.local/lib/python3.10/site-packages (from pandas>=1.2->seaborn) (2025.2)","chan":"stdout","logger":"task"}
{"timestamp":"2026-04-09T03:47:11.247337Z","level":"info","event":"Requirement already satisfied: tzdata>=2022.1 in /home/airflow/.local/lib/python3.10/site-packages (from pandas>=1.2->seaborn) (2025.2)","chan":"stdout","logger":"task"}
{"timestamp":"2026-04-09T03:47:11.250829Z","level":"info","event":"Requirement already satisfied: six>=1.5 in /home/airflow/.local/lib/python3.10/site-packages (from python-dateutil>=2.7->matplotlib) (1.17.0)","chan":"stdout","logger":"task"}
{"timestamp":"2026-04-09T03:47:11.396830Z","level":"info","event":"Downloading seaborn-0.13.2-py3-none-any.whl (294 kB)","chan":"stdout","logger":"task"}
{"timestamp":"2026-04-09T03:47:12.395650Z","level":"info","event":"Installing collected packages: seaborn","chan":"stdout","logger":"task"}
{"timestamp":"2026-04-09T03:47:12.548302Z","level":"info","event":"Successfully installed seaborn-0.13.2","chan":"stdout","logger":"task"}
{"timestamp":"2026-04-09T03:47:14.581669","level":"info","event":"MLflow URI: http://mlflow:5000","logger":"root"}
{"timestamp":"2026-04-09T03:47:14.605152Z","level":"error","event":"2026/04/09 03:47:14 INFO mlflow.tracking.fluent: Experiment with name 'Places365_Classification' does not exist. Creating a new experiment.","chan":"stderr","logger":"task"}
{"timestamp":"2026-04-09T03:47:17.067253","level":"info","event":"[ResNet34 | train_v1] TRAIN acc=0.8213 f1=0.8210","logger":"root"}
{"timestamp":"2026-04-09T03:47:17.067434","level":"info","event":"[ResNet34 | train_v1] TEST  acc=0.7850  f1=0.7844","logger":"root"}
{"timestamp":"2026-04-09T03:47:17.092724Z","level":"error","event":"2026/04/09 03:47:17 WARNING mlflow.models.model: `artifact_path` is deprecated. Please use `name` instead.","chan":"stderr","logger":"task"}
{"timestamp":"2026-04-09T03:47:17.177140Z","level":"error","event":"2026/04/09 03:47:17 WARNING mlflow.sklearn: Saving scikit-learn models in the pickle or cloudpickle format requires exercising caution because these formats rely on Python's object serialization mechanism, which can execute arbitrary code during deserialization. The recommended safe alternative is the 'skops' format. For more information, see: https://scikit-learn.org/stable/model_persistence.html","chan":"stderr","logger":"task"}
{"timestamp":"2026-04-09T03:47:17.177645Z","level":"error","event":"2026/04/09 03:47:17 WARNING mlflow.sklearn: Model was missing function: predict. Not logging python_function flavor!","chan":"stderr","logger":"task"}
{"timestamp":"2026-04-09T03:47:19.847700Z","level":"error","event":"2026/04/09 03:47:19 WARNING mlflow.models.model: `artifact_path` is deprecated. Please use `name` instead.","chan":"stderr","logger":"task"}
{"timestamp":"2026-04-09T03:47:19.913133Z","level":"error","event":"2026/04/09 03:47:19 WARNING mlflow.sklearn: Saving scikit-learn models in the pickle or cloudpickle format requires exercising caution because these formats rely on Python's object serialization mechanism, which can execute arbitrary code during deserialization. The recommended safe alternative is the 'skops' format. For more information, see: https://scikit-learn.org/stable/model_persistence.html","chan":"stderr","logger":"task"}
{"timestamp":"2026-04-09T03:47:21.986514Z","level":"info","event":"🏃 View run PCA256_LogReg_ResNet34_train_v1 at: http://mlflow:5000/#/experiments/1/runs/7095e1595c4941609c0cedebca3a7166","chan":"stdout","logger":"task"}
{"timestamp":"2026-04-09T03:47:21.986619Z","level":"info","event":"🧪 View experiment at: http://mlflow:5000/#/experiments/1","chan":"stdout","logger":"task"}
{"timestamp":"2026-04-09T03:47:23.399538","level":"info","event":"[ResNet34 | train_v2] TRAIN acc=0.8213 f1=0.8210","logger":"root"}
{"timestamp":"2026-04-09T03:47:23.399662","level":"info","event":"[ResNet34 | train_v2] TEST  acc=0.7842  f1=0.7835","logger":"root"}
{"timestamp":"2026-04-09T03:47:23.415414Z","level":"error","event":"2026/04/09 03:47:23 WARNING mlflow.models.model: `artifact_path` is deprecated. Please use `name` instead.","chan":"stderr","logger":"task"}
{"timestamp":"2026-04-09T03:47:23.492153Z","level":"error","event":"2026/04/09 03:47:23 WARNING mlflow.sklearn: Saving scikit-learn models in the pickle or cloudpickle format requires exercising caution because these formats rely on Python's object serialization mechanism, which can execute arbitrary code during deserialization. The recommended safe alternative is the 'skops' format. For more information, see: https://scikit-learn.org/stable/model_persistence.html","chan":"stderr","logger":"task"}
{"timestamp":"2026-04-09T03:47:23.492652Z","level":"error","event":"2026/04/09 03:47:23 WARNING mlflow.sklearn: Model was missing function: predict. Not logging python_function flavor!","chan":"stderr","logger":"task"}
{"timestamp":"2026-04-09T03:47:25.585401Z","level":"error","event":"2026/04/09 03:47:25 WARNING mlflow.models.model: `artifact_path` is deprecated. Please use `name` instead.","chan":"stderr","logger":"task"}
{"timestamp":"2026-04-09T03:47:25.645247Z","level":"error","event":"2026/04/09 03:47:25 WARNING mlflow.sklearn: Saving scikit-learn models in the pickle or cloudpickle format requires exercising caution because these formats rely on Python's object serialization mechanism, which can execute arbitrary code during deserialization. The recommended safe alternative is the 'skops' format. For more information, see: https://scikit-learn.org/stable/model_persistence.html","chan":"stderr","logger":"task"}
{"timestamp":"2026-04-09T03:47:27.730665Z","level":"info","event":"🏃 View run PCA256_LogReg_ResNet34_train_v2 at: http://mlflow:5000/#/experiments/1/runs/bf48758981ba49f488bbb89c37f5fd3c","chan":"stdout","logger":"task"}
{"timestamp":"2026-04-09T03:47:27.730781Z","level":"info","event":"🧪 View experiment at: http://mlflow:5000/#/experiments/1","chan":"stdout","logger":"task"}
{"timestamp":"2026-04-09T03:47:31.256076","level":"info","event":"[EfficientNetV2-S | train_v1] TRAIN acc=0.8563 f1=0.8563","logger":"root"}
{"timestamp":"2026-04-09T03:47:31.256210","level":"info","event":"[EfficientNetV2-S | train_v1] TEST  acc=0.8208  f1=0.8207","logger":"root"}
{"timestamp":"2026-04-09T03:47:31.271022Z","level":"error","event":"2026/04/09 03:47:31 WARNING mlflow.models.model: `artifact_path` is deprecated. Please use `name` instead.","chan":"stderr","logger":"task"}
{"timestamp":"2026-04-09T03:47:31.349470Z","level":"error","event":"2026/04/09 03:47:31 WARNING mlflow.sklearn: Saving scikit-learn models in the pickle or cloudpickle format requires exercising caution because these formats rely on Python's object serialization mechanism, which can execute arbitrary code during deserialization. The recommended safe alternative is the 'skops' format. For more information, see: https://scikit-learn.org/stable/model_persistence.html","chan":"stderr","logger":"task"}
{"timestamp":"2026-04-09T03:47:31.351391Z","level":"error","event":"2026/04/09 03:47:31 WARNING mlflow.sklearn: Model was missing function: predict. Not logging python_function flavor!","chan":"stderr","logger":"task"}
{"timestamp":"2026-04-09T03:47:33.445289Z","level":"error","event":"2026/04/09 03:47:33 WARNING mlflow.models.model: `artifact_path` is deprecated. Please use `name` instead.","chan":"stderr","logger":"task"}
{"timestamp":"2026-04-09T03:47:33.509623Z","level":"error","event":"2026/04/09 03:47:33 WARNING mlflow.sklearn: Saving scikit-learn models in the pickle or cloudpickle format requires exercising caution because these formats rely on Python's object serialization mechanism, which can execute arbitrary code during deserialization. The recommended safe alternative is the 'skops' format. For more information, see: https://scikit-learn.org/stable/model_persistence.html","chan":"stderr","logger":"task"}
{"timestamp":"2026-04-09T03:47:35.622133Z","level":"info","event":"🏃 View run PCA256_LogReg_EfficientNetV2-S_train_v1 at: http://mlflow:5000/#/experiments/1/runs/83f2d531582c4c868ec536abeb18e1bf","chan":"stdout","logger":"task"}
{"timestamp":"2026-04-09T03:47:35.622283Z","level":"info","event":"🧪 View experiment at: http://mlflow:5000/#/experiments/1","chan":"stdout","logger":"task"}
{"timestamp":"2026-04-09T03:47:38.911854","level":"info","event":"[EfficientNetV2-S | train_v2] TRAIN acc=0.8593 f1=0.8592","logger":"root"}
{"timestamp":"2026-04-09T03:47:38.911979","level":"info","event":"[EfficientNetV2-S | train_v2] TEST  acc=0.8192  f1=0.8186","logger":"root"}
{"timestamp":"2026-04-09T03:47:38.929193Z","level":"error","event":"2026/04/09 03:47:38 WARNING mlflow.models.model: `artifact_path` is deprecated. Please use `name` instead.","chan":"stderr","logger":"task"}
{"timestamp":"2026-04-09T03:47:39.012856Z","level":"error","event":"2026/04/09 03:47:39 WARNING mlflow.sklearn: Saving scikit-learn models in the pickle or cloudpickle format requires exercising caution because these formats rely on Python's object serialization mechanism, which can execute arbitrary code during deserialization. The recommended safe alternative is the 'skops' format. For more information, see: https://scikit-learn.org/stable/model_persistence.html","chan":"stderr","logger":"task"}
{"timestamp":"2026-04-09T03:47:39.014701Z","level":"error","event":"2026/04/09 03:47:39 WARNING mlflow.sklearn: Model was missing function: predict. Not logging python_function flavor!","chan":"stderr","logger":"task"}
{"timestamp":"2026-04-09T03:47:41.138047Z","level":"error","event":"2026/04/09 03:47:41 WARNING mlflow.models.model: `artifact_path` is deprecated. Please use `name` instead.","chan":"stderr","logger":"task"}
{"timestamp":"2026-04-09T03:47:41.201473Z","level":"error","event":"2026/04/09 03:47:41 WARNING mlflow.sklearn: Saving scikit-learn models in the pickle or cloudpickle format requires exercising caution because these formats rely on Python's object serialization mechanism, which can execute arbitrary code during deserialization. The recommended safe alternative is the 'skops' format. For more information, see: https://scikit-learn.org/stable/model_persistence.html","chan":"stderr","logger":"task"}
{"timestamp":"2026-04-09T03:47:43.259084Z","level":"info","event":"🏃 View run PCA256_LogReg_EfficientNetV2-S_train_v2 at: http://mlflow:5000/#/experiments/1/runs/47a22e208c4844d3b7140bc14954169d","chan":"stdout","logger":"task"}
{"timestamp":"2026-04-09T03:47:43.259351Z","level":"info","event":"🧪 View experiment at: http://mlflow:5000/#/experiments/1","chan":"stdout","logger":"task"}
{"timestamp":"2026-04-09T03:47:43.266858","level":"info","event":"Training complete. Best: EfficientNetV2-S trained on train_v1 — F1=0.8207","logger":"root"}
{"timestamp":"2026-04-09T03:47:43.279744","level":"warning","event":"\n\nPassing `palette` without assigning `hue` is deprecated and will be removed in v0.14.0. Assign the `x` variable to `hue` and set `legend=False` for the same effect.\n","category":"FutureWarning","filename":"/opt/airflow/dags/train_pipeline.py","lineno":333,"logger":"py.warnings"}
{"timestamp":"2026-04-09T03:47:43.419927Z","level":"info","event":"🏃 View run Visualization_Report at: http://mlflow:5000/#/experiments/1/runs/f2c3b93987024b21b75b9a1094bf9a91","chan":"stdout","logger":"task"}
{"timestamp":"2026-04-09T03:47:43.420035Z","level":"info","event":"🧪 View experiment at: http://mlflow:5000/#/experiments/1","chan":"stdout","logger":"task"}
{"timestamp":"2026-04-09T03:47:43.428881","level":"info","event":"Done. Returned value was: None","logger":"airflow.task.operators.airflow.providers.standard.operators.python.PythonOperator"}
