{"timestamp":"2026-04-09T03:43:04.141057","level":"info","event":"DAG bundles loaded: dags-folder","logger":"airflow.dag_processing.bundles.manager.DagBundlesManager"}
{"timestamp":"2026-04-09T03:43:04.141481","level":"info","event":"Filling up the DagBag from /opt/airflow/dags/train_pipeline.py","logger":"airflow.models.dagbag.DagBag"}
{"timestamp":"2026-04-09T03:43:06.804586","level":"info","event":"Device: cuda | half-precision: False","logger":"root"}
{"timestamp":"2026-04-09T03:43:06.804958","level":"info","event":"Loading dataset from Hugging Face (this may take 2-5 min)...","logger":"root"}
{"timestamp":"2026-04-09T03:43:07.396144Z","level":"error","event":"Warning: You are sending unauthenticated requests to the HF Hub. Please set a HF_TOKEN to enable higher rate limits and faster downloads.","chan":"stderr","logger":"task"}
{"timestamp":"2026-04-09T03:43:07.396114","level":"warning","event":"Warning: You are sending unauthenticated requests to the HF Hub. Please set a HF_TOKEN to enable higher rate limits and faster downloads.","logger":"huggingface_hub.utils._http"}
{"timestamp":"2026-04-09T03:43:10.191175Z","level":"error","event":"Generating dataset seml-industry-ver (/home/airflow/.cache/huggingface/datasets/Punnarunwuwu___seml-industry-ver/default/0.0.0/16ed90f0f5170dc73bc2c94eca44c692f0b46fcd)","chan":"stderr","logger":"task"}
{"timestamp":"2026-04-09T03:43:10.198809Z","level":"error","event":"Downloading and preparing dataset seml-industry-ver/default to /home/airflow/.cache/huggingface/datasets/Punnarunwuwu___seml-industry-ver/default/0.0.0/16ed90f0f5170dc73bc2c94eca44c692f0b46fcd...","chan":"stderr","logger":"task"}
{"timestamp":"2026-04-09T03:43:10.191151","level":"info","event":"Generating dataset seml-industry-ver (/home/airflow/.cache/huggingface/datasets/Punnarunwuwu___seml-industry-ver/default/0.0.0/16ed90f0f5170dc73bc2c94eca44c692f0b46fcd)","logger":"datasets.builder"}
{"timestamp":"2026-04-09T03:43:10.191275","level":"info","event":"Downloading and preparing dataset seml-industry-ver/default to /home/airflow/.cache/huggingface/datasets/Punnarunwuwu___seml-industry-ver/default/0.0.0/16ed90f0f5170dc73bc2c94eca44c692f0b46fcd...","logger":"datasets.builder"}
{"timestamp":"2026-04-09T03:43:22.063526Z","level":"error","event":"Downloading took 0.0 min","chan":"stderr","logger":"task"}
{"timestamp":"2026-04-09T03:43:22.063487","level":"info","event":"Downloading took 0.0 min","logger":"datasets.download.download_manager"}
{"timestamp":"2026-04-09T03:43:22.063900Z","level":"error","event":"Checksum Computation took 0.0 min","chan":"stderr","logger":"task"}
{"timestamp":"2026-04-09T03:43:22.063901","level":"info","event":"Checksum Computation took 0.0 min","logger":"datasets.download.download_manager"}
{"timestamp":"2026-04-09T03:43:22.064021","level":"info","event":"Generating test split","logger":"datasets.builder"}
{"timestamp":"2026-04-09T03:43:22.064110Z","level":"error","event":"Generating test split","chan":"stderr","logger":"task"}
{"timestamp":"2026-04-09T03:43:22.090443Z","level":"error","event":"\rGenerating test split:   0%|          | 0/1200 [00:00<?, ? examples/s]\rGenerating test split: 100%|██████████| 1200/1200 [00:00<00:00, 46019.61 examples/s]","chan":"stderr","logger":"task"}
{"timestamp":"2026-04-09T03:43:22.090624Z","level":"error","event":"Generating train_v1 split","chan":"stderr","logger":"task"}
{"timestamp":"2026-04-09T03:43:22.090563","level":"info","event":"Generating train_v1 split","logger":"datasets.builder"}
{"timestamp":"2026-04-09T03:43:22.242302Z","level":"error","event":"\rGenerating train_v1 split:   0%|          | 0/10800 [00:00<?, ? examples/s]\rGenerating train_v1 split:  67%|██████▋   | 7200/10800 [00:00<00:00, 61261.15 examples/s]\rGenerating train_v1 split: 100%|██████████| 10800/10800 [00:00<00:00, 71387.01 examples/s]","chan":"stderr","logger":"task"}
{"timestamp":"2026-04-09T03:43:22.242570Z","level":"error","event":"Generating train_v2 split","chan":"stderr","logger":"task"}
{"timestamp":"2026-04-09T03:43:22.242516","level":"info","event":"Generating train_v2 split","logger":"datasets.builder"}
{"timestamp":"2026-04-09T03:43:22.375962Z","level":"error","event":"\rGenerating train_v2 split:   0%|          | 0/10800 [00:00<?, ? examples/s]\rGenerating train_v2 split:  69%|██████▉   | 7500/10800 [00:00<00:00, 74453.34 examples/s]\rGenerating train_v2 split: 100%|██████████| 10800/10800 [00:00<00:00, 81220.40 examples/s]","chan":"stderr","logger":"task"}
{"timestamp":"2026-04-09T03:43:22.376115Z","level":"error","event":"All the splits matched successfully.","chan":"stderr","logger":"task"}
{"timestamp":"2026-04-09T03:43:22.376113","level":"info","event":"All the splits matched successfully.","logger":"datasets.utils.info_utils"}
{"timestamp":"2026-04-09T03:43:22.376772Z","level":"error","event":"Dataset seml-industry-ver downloaded and prepared to /home/airflow/.cache/huggingface/datasets/Punnarunwuwu___seml-industry-ver/default/0.0.0/16ed90f0f5170dc73bc2c94eca44c692f0b46fcd. Subsequent calls will reuse this data.","chan":"stderr","logger":"task"}
{"timestamp":"2026-04-09T03:43:22.376772","level":"info","event":"Dataset seml-industry-ver downloaded and prepared to /home/airflow/.cache/huggingface/datasets/Punnarunwuwu___seml-industry-ver/default/0.0.0/16ed90f0f5170dc73bc2c94eca44c692f0b46fcd. Subsequent calls will reuse this data.","logger":"datasets.builder"}
{"timestamp":"2026-04-09T03:43:22.384791","level":"info","event":"Dataset loaded. Separating splits...","logger":"root"}
{"timestamp":"2026-04-09T03:43:22.384875","level":"info","event":"Train_v1 size: 10800 | Train_v2 size: 10800 | Test size: 1200","logger":"root"}
{"timestamp":"2026-04-09T03:43:22.390141","level":"info","event":"Loading ResNet34 backbone...","logger":"root"}
{"timestamp":"2026-04-09T03:43:22.568917Z","level":"error","event":"Downloading: \"https://download.pytorch.org/models/resnet34-b627a593.pth\" to /home/airflow/.cache/torch/hub/checkpoints/resnet34-b627a593.pth","chan":"stderr","logger":"task"}
{"timestamp":"2026-04-09T03:43:24.502305Z","level":"error","event":"\r  0%|          | 0.00/83.3M [00:00<?, ?B/s]\r  3%|▎         | 2.38M/83.3M [00:00<00:03, 24.8MB/s]\r  8%|▊         | 6.88M/83.3M [00:00<00:02, 37.9MB/s]\r 15%|█▌        | 12.8M/83.3M [00:00<00:01, 48.5MB/s]\r 23%|██▎       | 19.1M/83.3M [00:00<00:01, 55.4MB/s]\r 31%|███▏      | 26.1M/83.3M [00:00<00:00, 61.9MB/s]\r 40%|███▉      | 33.0M/83.3M [00:00<00:00, 64.9MB/s]\r 48%|████▊     | 40.4M/83.3M [00:00<00:00, 68.5MB/s]\r 57%|█████▋    | 47.8M/83.3M [00:00<00:00, 70.5MB/s]\r 67%|██████▋   | 55.5M/83.3M [00:00<00:00, 73.6MB/s]\r 75%|███████▌  | 62.8M/83.3M [00:01<00:00, 74.2MB/s]\r 84%|████████▍ | 69.9M/83.3M [00:01<00:00, 73.5MB/s]\r 93%|█████████▎| 77.2M/83.3M [00:01<00:00, 74.4MB/s]\r100%|██████████| 83.3M/83.3M [00:01<00:00, 67.3MB/s]","chan":"stderr","logger":"task"}
{"timestamp":"2026-04-09T03:43:25.735071","level":"warning","event":"Applied workaround for CuDNN issue, install nvrtc.so (Triggered internally at ../aten/src/ATen/native/cudnn/Conv_v8.cpp:84.)","category":"UserWarning","filename":"/home/airflow/.local/lib/python3.10/site-packages/torch/nn/modules/conv.py","lineno":456,"logger":"py.warnings"}
{"timestamp":"2026-04-09T03:43:26.434501","level":"info","event":"[TRAIN_V1/ResNet34] batch 1/22","logger":"root"}
{"timestamp":"2026-04-09T03:43:56.131112","level":"info","event":"[TRAIN_V1/ResNet34] batch 21/22","logger":"root"}
{"timestamp":"2026-04-09T03:43:56.963317","level":"info","event":"[TRAIN_V1/ResNet34] batch 22/22","logger":"root"}
{"timestamp":"2026-04-09T03:43:57.047993","level":"info","event":"Saved TRAIN_V1/ResNet34 features → /opt/airflow/data/X_train_v1_resnet.npy","logger":"root"}
{"timestamp":"2026-04-09T03:43:58.463354","level":"info","event":"[TRAIN_V2/ResNet34] batch 1/22","logger":"root"}
{"timestamp":"2026-04-09T03:44:29.015421","level":"info","event":"[TRAIN_V2/ResNet34] batch 21/22","logger":"root"}
{"timestamp":"2026-04-09T03:44:29.941981","level":"info","event":"[TRAIN_V2/ResNet34] batch 22/22","logger":"root"}
{"timestamp":"2026-04-09T03:44:30.022699","level":"info","event":"Saved TRAIN_V2/ResNet34 features → /opt/airflow/data/X_train_v2_resnet.npy","logger":"root"}
{"timestamp":"2026-04-09T03:44:31.453325","level":"info","event":"[TEST/ResNet34] batch 1/3","logger":"root"}
{"timestamp":"2026-04-09T03:44:34.069293","level":"info","event":"[TEST/ResNet34] batch 3/3","logger":"root"}
{"timestamp":"2026-04-09T03:44:34.378846","level":"info","event":"Saved TEST/ResNet34 features → /opt/airflow/data/X_test_resnet.npy","logger":"root"}
{"timestamp":"2026-04-09T03:44:34.585733","level":"info","event":"Saving labels...","logger":"root"}
{"timestamp":"2026-04-09T03:45:06.889202","level":"info","event":"Loading EfficientNetV2-S backbone...","logger":"root"}
{"timestamp":"2026-04-09T03:45:07.052500Z","level":"error","event":"Downloading: \"https://download.pytorch.org/models/efficientnet_v2_s-dd5fe13b.pth\" to /home/airflow/.cache/torch/hub/checkpoints/efficientnet_v2_s-dd5fe13b.pth","chan":"stderr","logger":"task"}
{"timestamp":"2026-04-09T03:45:08.435096Z","level":"error","event":"\r  0%|          | 0.00/82.7M [00:00<?, ?B/s]\r  4%|▍         | 3.50M/82.7M [00:00<00:02, 36.2MB/s]\r 11%|█         | 9.12M/82.7M [00:00<00:01, 49.1MB/s]\r 19%|█▉        | 15.8M/82.7M [00:00<00:01, 58.3MB/s]\r 27%|██▋       | 22.6M/82.7M [00:00<00:00, 63.7MB/s]\r 36%|███▋      | 30.0M/82.7M [00:00<00:00, 68.5MB/s]\r 45%|████▌     | 37.5M/82.7M [00:00<00:00, 71.6MB/s]\r 54%|█████▍    | 44.8M/82.7M [00:00<00:00, 73.0MB/s]\r 63%|██████▎   | 52.1M/82.7M [00:00<00:00, 74.2MB/s]\r 72%|███████▏  | 59.6M/82.7M [00:00<00:00, 75.2MB/s]\r 81%|████████  | 67.0M/82.7M [00:01<00:00, 75.5MB/s]\r 90%|████████▉ | 74.2M/82.7M [00:01<00:00, 74.9MB/s]\r 99%|█████████▉| 82.0M/82.7M [00:01<00:00, 76.4MB/s]\r100%|██████████| 82.7M/82.7M [00:01<00:00, 70.9MB/s]","chan":"stderr","logger":"task"}
{"timestamp":"2026-04-09T03:45:09.949652","level":"info","event":"[TRAIN_V1/EffNetV2-S] batch 1/22","logger":"root"}
{"timestamp":"2026-04-09T03:45:59.555576","level":"info","event":"[TRAIN_V1/EffNetV2-S] batch 21/22","logger":"root"}
{"timestamp":"2026-04-09T03:46:01.525394","level":"info","event":"[TRAIN_V1/EffNetV2-S] batch 22/22","logger":"root"}
{"timestamp":"2026-04-09T03:46:01.723971","level":"info","event":"Saved TRAIN_V1/EffNetV2-S features → /opt/airflow/data/X_train_v1_effnet.npy","logger":"root"}
{"timestamp":"2026-04-09T03:46:03.112766","level":"info","event":"[TRAIN_V2/EffNetV2-S] batch 1/22","logger":"root"}
{"timestamp":"2026-04-09T03:46:55.362942","level":"info","event":"[TRAIN_V2/EffNetV2-S] batch 21/22","logger":"root"}
{"timestamp":"2026-04-09T03:46:57.254762","level":"info","event":"[TRAIN_V2/EffNetV2-S] batch 22/22","logger":"root"}
{"timestamp":"2026-04-09T03:46:57.451359","level":"info","event":"Saved TRAIN_V2/EffNetV2-S features → /opt/airflow/data/X_train_v2_effnet.npy","logger":"root"}
{"timestamp":"2026-04-09T03:46:58.848265","level":"info","event":"[TEST/EffNetV2-S] batch 1/3","logger":"root"}
{"timestamp":"2026-04-09T03:47:03.613616","level":"info","event":"[TEST/EffNetV2-S] batch 3/3","logger":"root"}
{"timestamp":"2026-04-09T03:47:04.259732","level":"info","event":"Saved TEST/EffNetV2-S features → /opt/airflow/data/X_test_effnet.npy","logger":"root"}
{"timestamp":"2026-04-09T03:47:04.544454","level":"info","event":"All features saved to /opt/airflow/data","logger":"root"}
{"timestamp":"2026-04-09T03:47:04.545090","level":"info","event":"Done. Returned value was: None","logger":"airflow.task.operators.airflow.providers.standard.operators.python.PythonOperator"}
